^1Localization ERROR: Unable to load "localizedstrings/proxmine.str"!
^1ERROR: Couldn't find material 'qk_wiimote_arrow'
^1	failed loading 'qk_wiimote_arrow' of type 'material' found in source file '../share/zone_source/common_materials_mp_bx.csv'
^1ERROR: Couldn't find material 'qk_nunchuk_arrow'
^1	failed loading 'qk_nunchuk_arrow' of type 'material' found in source file '../share/zone_source/common_materials_mp_bx.csv'
^1ERROR: Couldn't find material 'btn_accept'
^1	failed loading 'btn_accept' of type 'material' found in source file '../share/zone_source/common_scaleform_mp_bx.csv'
^1ERROR: Couldn't find material 'btn_back'
^1	failed loading 'btn_back' of type 'material' found in source file '../share/zone_source/common_scaleform_mp_bx.csv'
^1ERROR: Couldn't find material 'btn_left'
^1	failed loading 'btn_left' of type 'material' found in source file '../share/zone_source/common_scaleform_mp_bx.csv'
^1ERROR: Couldn't find material 'btn_refresh'
^1	failed loading 'btn_refresh' of type 'material' found in source file '../share/zone_source/common_scaleform_mp_bx.csv'
^1ERROR: Couldn't find material 'btn_right'
^1	failed loading 'btn_right' of type 'material' found in source file '../share/zone_source/common_scaleform_mp_bx.csv'
^1ERROR: Couldn't find material 'trigger_left'
^1	failed loading 'trigger_left' of type 'material' found in source file '../share/zone_source/common_scaleform_mp_bx.csv'
^1ERROR: Couldn't find material 'trigger_right'
^1	failed loading 'trigger_right' of type 'material' found in source file '../share/zone_source/common_scaleform_mp_bx.csv'
^1ERROR: Couldn't find material 'controller'
^1	failed loading 'controller' of type 'material' found in source file '../share/zone_source/common_scaleform_mp_bx.csv'
^1ERROR: Couldn't find material 'controller_lines_mp'
^1	failed loading 'controller_lines_mp' of type 'material' found in source file '../share/zone_source/common_scaleform_mp_bx.csv'
^1ERROR: Couldn't find material 'controller_lines_sp'
^1	failed loading 'controller_lines_sp' of type 'material' found in source file '../share/zone_source/common_scaleform_mp_bx.csv'
