^1ERROR: Couldn't find material 'xb_button_grey'
^1	failed loading 'xb_button_grey' of type 'material' found in source file '../share/zone_source/common_ai.csv'
^1ERROR: Couldn't find material 'btn_accept'
^1	failed loading 'btn_accept' of type 'material' found in source file '../share/zone_source/common_scaleform.csv'
^1ERROR: Couldn't find material 'btn_back'
^1	failed loading 'btn_back' of type 'material' found in source file '../share/zone_source/common_scaleform.csv'
^1ERROR: Couldn't find material 'btn_left'
^1	failed loading 'btn_left' of type 'material' found in source file '../share/zone_source/common_scaleform.csv'
^1ERROR: Couldn't find material 'btn_navigate_all'
^1	failed loading 'btn_navigate_all' of type 'material' found in source file '../share/zone_source/common_scaleform.csv'
^1ERROR: Couldn't find material 'btn_navigate_h'
^1	failed loading 'btn_navigate_h' of type 'material' found in source file '../share/zone_source/common_scaleform.csv'
^1ERROR: Couldn't find material 'btn_navigate_v'
^1	failed loading 'btn_navigate_v' of type 'material' found in source file '../share/zone_source/common_scaleform.csv'
^1ERROR: Couldn't find material 'btn_refresh'
^1	failed loading 'btn_refresh' of type 'material' found in source file '../share/zone_source/common_scaleform.csv'
^1ERROR: Couldn't find material 'btn_right'
^1	failed loading 'btn_right' of type 'material' found in source file '../share/zone_source/common_scaleform.csv'
^1ERROR: Couldn't find material 'btn_y'
^1	failed loading 'btn_y' of type 'material' found in source file '../share/zone_source/common_scaleform.csv'
^1ERROR: Couldn't find material 'bumper_left'
^1	failed loading 'bumper_left' of type 'material' found in source file '../share/zone_source/common_scaleform.csv'
^1ERROR: Couldn't find material 'bumper_right'
^1	failed loading 'bumper_right' of type 'material' found in source file '../share/zone_source/common_scaleform.csv'
^1ERROR: Couldn't find material 'button_back'
^1	failed loading 'button_back' of type 'material' found in source file '../share/zone_source/common_scaleform.csv'
^1ERROR: Couldn't find material 'stick_left'
^1	failed loading 'stick_left' of type 'material' found in source file '../share/zone_source/common_scaleform.csv'
^1ERROR: Couldn't find material 'stick_right'
^1	failed loading 'stick_right' of type 'material' found in source file '../share/zone_source/common_scaleform.csv'
^1ERROR: Couldn't find material 'trigger_left'
^1	failed loading 'trigger_left' of type 'material' found in source file '../share/zone_source/common_scaleform.csv'
^1ERROR: Couldn't find material 'trigger_right'
^1	failed loading 'trigger_right' of type 'material' found in source file '../share/zone_source/common_scaleform.csv'
^1ERROR: Could not open 'scaleform/sp_ig_pmoptions.gfx'
^1	failed loading 'scaleform/sp_ig_pmoptions.gfx' of type 'rawfile' found in source file '../share/zone_source/common_final.csv'
^1ERROR: Could not open 'scaleform/sp_ig_pmmain.gfx'
^1	failed loading 'scaleform/sp_ig_pmmain.gfx' of type 'rawfile' found in source file '../share/zone_source/common_final.csv'
^1ERROR: Could not open 'scaleform/trigger_right.dds'
^1	failed loading 'scaleform/trigger_right.dds' of type 'rawfile' found in source file '../share/zone_source/common_final.csv'
^1ERROR: Could not open 'scaleform/trigger_left.dds'
^1	failed loading 'scaleform/trigger_left.dds' of type 'rawfile' found in source file '../share/zone_source/common_final.csv'
^1ERROR: Could not open 'scaleform/btn_right.dds'
^1	failed loading 'scaleform/btn_right.dds' of type 'rawfile' found in source file '../share/zone_source/common_final.csv'
^1ERROR: Could not open 'scaleform/btn_refresh.dds'
^1	failed loading 'scaleform/btn_refresh.dds' of type 'rawfile' found in source file '../share/zone_source/common_final.csv'
^1ERROR: Could not open 'scaleform/btn_left.dds'
^1	failed loading 'scaleform/btn_left.dds' of type 'rawfile' found in source file '../share/zone_source/common_final.csv'
^1ERROR: Could not open 'scaleform/btn_back.dds'
^1	failed loading 'scaleform/btn_back.dds' of type 'rawfile' found in source file '../share/zone_source/common_final.csv'
^1ERROR: Could not open 'scaleform/btn_accept.dds'
^1	failed loading 'scaleform/btn_accept.dds' of type 'rawfile' found in source file '../share/zone_source/common_final.csv'
^1ERROR: Could not open 'scaleform/btn_b.dds'
^1	failed loading 'scaleform/btn_b.dds' of type 'rawfile' found in source file '../share/zone_source/common_final.csv'
^1ERROR: Could not open 'scaleform/sp_ig_tutorial_i18.dds'
^1	failed loading 'scaleform/sp_ig_tutorial_i18.dds' of type 'rawfile' found in source file '../share/zone_source/common_final.csv'
