^1ERROR: xmodel 'vehicle_luxurysedan' not found
^1ERROR: xmodel 'me_transmitting_tower' not found
^1ERROR: xmodel 'foliage_tree_river_birch_med_a' not found
^1ERROR: xmodel 'vehicle_bus' not found
^1ERROR: Couldn't find material 'sky_mp_canal'
^1ERROR: Couldn't find material 'me_plaster_02'
^1ERROR: Couldn't find material 'me_asphalt_road1'
^1ERROR: Couldn't find material '_default_water'
^1ERROR: Couldn't find material 'me_plaster_03'
^1ERROR: Couldn't find material 'ch_concrete_strips01'
^1ERROR: Couldn't find material 'ch_concrete_01'
^1ERROR: Couldn't find material 'ch_grass_01'
^1ERROR: Couldn't find material 'mtl_glass_frosted_panel'
^1bad static model 'vehicle_luxurysedan' at (4997 1328 384)
^1bad static model 'me_transmitting_tower' at (4039 3953 1168)
^1bad static model 'vehicle_luxurysedan' at (4440 1176 384)
^1bad static model 'vehicle_luxurysedan' at (4787 1152 384)
^1bad static model 'vehicle_luxurysedan' at (6177 1489 392)
^1bad static model 'foliage_tree_river_birch_med_a' at (5581 954 392)
^1bad static model 'foliage_tree_river_birch_med_a' at (5865 965 392)
^1bad static model 'foliage_tree_river_birch_med_a' at (6119 966 392)
^1bad static model 'foliage_tree_river_birch_med_a' at (6388 943 392)
^1bad static model 'foliage_tree_river_birch_med_a' at (6680 963 392)
^1bad static model 'foliage_tree_river_birch_med_a' at (4237 970 392)
^1bad static model 'foliage_tree_river_birch_med_a' at (4521 981 392)
^1bad static model 'foliage_tree_river_birch_med_a' at (4775 982 392)
^1bad static model 'foliage_tree_river_birch_med_a' at (5044 959 392)
^1bad static model 'foliage_tree_river_birch_med_a' at (5336 979 392)
^1bad static model 'foliage_tree_river_birch_med_a' at (3687 998 392)
^1bad static model 'foliage_tree_river_birch_med_a' at (3956 975 392)
^1bad static model 'vehicle_bus' at (5950 1161 384)
^1ERROR: Could not open 'maps/mp/mp_canal.gsc'
^1ERROR: failed loading 'maps/mp/mp_canal.gsc' of type 'rawfile'
^1ERROR: Could not open 'maps/mp/mp_canal_fx.gsc'
^1ERROR: failed loading 'maps/mp/mp_canal_fx.gsc' of type 'rawfile'
