^1ERROR: xmodel 'me_canopy_large2' not found
^1	failed loading xmodel 'me_canopy_large2' for asset 'maps/mp/mp_rooftops.d3dbsp' found in source file '../xenon/zone_source/mp_rooftops.csv'
^1ERROR: xmodel 'com_cardboardbox04' not found
^1	failed loading xmodel 'com_cardboardbox04' for asset 'maps/mp/mp_rooftops.d3dbsp' found in source file '../xenon/zone_source/mp_rooftops.csv'
^1ERROR: xmodel 'me_canopy_large3' not found
^1	failed loading xmodel 'me_canopy_large3' for asset 'maps/mp/mp_rooftops.d3dbsp' found in source file '../xenon/zone_source/mp_rooftops.csv'
^1ERROR: xmodel 'com_barrel_corrosive_rust' not found
^1	failed loading xmodel 'com_barrel_corrosive_rust' for asset 'maps/mp/mp_rooftops.d3dbsp' found in source file '../xenon/zone_source/mp_rooftops.csv'
^1ERROR: xmodel 'me_corrugated_metal4x8' not found
^1	failed loading xmodel 'me_corrugated_metal4x8' for asset 'maps/mp/mp_rooftops.d3dbsp' found in source file '../xenon/zone_source/mp_rooftops.csv'
^1ERROR: xmodel 'com_water_tank2' not found
^1	failed loading xmodel 'com_water_tank2' for asset 'maps/mp/mp_rooftops.d3dbsp' found in source file '../xenon/zone_source/mp_rooftops.csv'
^1ERROR: xmodel 'com_water_tank2_stand' not found
^1	failed loading xmodel 'com_water_tank2_stand' for asset 'maps/mp/mp_rooftops.d3dbsp' found in source file '../xenon/zone_source/mp_rooftops.csv'
^1ERROR: xmodel 'mw_scale_soldier' not found
^1	failed loading xmodel 'mw_scale_soldier' for asset 'maps/mp/mp_rooftops.d3dbsp' found in source file '../xenon/zone_source/mp_rooftops.csv'
^1ERROR: xmodel 'me_dumpster_close' not found
^1	failed loading xmodel 'me_dumpster_close' for asset 'maps/mp/mp_rooftops.d3dbsp' found in source file '../xenon/zone_source/mp_rooftops.csv'
^1ERROR: xmodel 'com_barrel_white_rust' not found
^1	failed loading xmodel 'com_barrel_white_rust' for asset 'maps/mp/mp_rooftops.d3dbsp' found in source file '../xenon/zone_source/mp_rooftops.csv'
^1ERROR: xmodel 'com_barrel_red_rust' not found
^1	failed loading xmodel 'com_barrel_red_rust' for asset 'maps/mp/mp_rooftops.d3dbsp' found in source file '../xenon/zone_source/mp_rooftops.csv'
^1ERROR: xmodel 'me_corrugated_metal8x8' not found
^1	failed loading xmodel 'me_corrugated_metal8x8' for asset 'maps/mp/mp_rooftops.d3dbsp' found in source file '../xenon/zone_source/mp_rooftops.csv'
^1ERROR: xmodel 'me_canopy_large1' not found
^1	failed loading xmodel 'me_canopy_large1' for asset 'maps/mp/mp_rooftops.d3dbsp' found in source file '../xenon/zone_source/mp_rooftops.csv'
^1ERROR: xmodel 'me_canopy_large4' not found
^1	failed loading xmodel 'me_canopy_large4' for asset 'maps/mp/mp_rooftops.d3dbsp' found in source file '../xenon/zone_source/mp_rooftops.csv'
^1ERROR: xmodel 'me_streetlight' not found
^1	failed loading xmodel 'me_streetlight' for asset 'maps/mp/mp_rooftops.d3dbsp' found in source file '../xenon/zone_source/mp_rooftops.csv'
^1ERROR: xmodel 'me_streetlightdual' not found
^1	failed loading xmodel 'me_streetlightdual' for asset 'maps/mp/mp_rooftops.d3dbsp' found in source file '../xenon/zone_source/mp_rooftops.csv'
^1ERROR: xmodel 'foliage_tree_palm_01' not found
^1	failed loading xmodel 'foliage_tree_palm_01' for asset 'maps/mp/mp_rooftops.d3dbsp' found in source file '../xenon/zone_source/mp_rooftops.csv'
^1ERROR: xmodel 'vehicle_bus' not found
^1	failed loading xmodel 'vehicle_bus' for asset 'maps/mp/mp_rooftops.d3dbsp' found in source file '../xenon/zone_source/mp_rooftops.csv'
^1ERROR: xmodel 'vehicle_bus2' not found
^1	failed loading xmodel 'vehicle_bus2' for asset 'maps/mp/mp_rooftops.d3dbsp' found in source file '../xenon/zone_source/mp_rooftops.csv'
^1ERROR: xmodel 'me_concrete_barrier' not found
^1	failed loading xmodel 'me_concrete_barrier' for asset 'maps/mp/mp_rooftops.d3dbsp' found in source file '../xenon/zone_source/mp_rooftops.csv'
^1ERROR: xmodel 'me_ac_big' not found
^1	failed loading xmodel 'me_ac_big' for asset 'maps/mp/mp_rooftops.d3dbsp' found in source file '../xenon/zone_source/mp_rooftops.csv'
^1ERROR: xmodel 'prop_flag_neutral' not found
^1	failed loading xmodel 'prop_flag_neutral' for asset 'maps/mp/mp_rooftops.d3dbsp' found in source file '../xenon/zone_source/mp_rooftops.csv'
^1	failed loading 'prop_flag_neutral' of type 'xmodel' found in source file '../xenon/zone_source/mp_rooftops.csv'
^1ERROR: xmodel 'com_laptop_open' not found
^1	failed loading xmodel 'com_laptop_open' for asset 'maps/mp/mp_rooftops.d3dbsp' found in source file '../xenon/zone_source/mp_rooftops.csv'
^1	failed loading 'com_laptop_open' of type 'xmodel' found in source file '../xenon/zone_source/mp_rooftops.csv'
^1ERROR: xmodel 'com_folding_table' not found
^1	failed loading xmodel 'com_folding_table' for asset 'maps/mp/mp_rooftops.d3dbsp' found in source file '../xenon/zone_source/mp_rooftops.csv'
^1	failed loading 'com_folding_table' of type 'xmodel' found in source file '../xenon/zone_source/mp_rooftops.csv'
^1ERROR: Couldn't find material 'me_plaster_02'
^1	failed loading material 'me_plaster_02' for asset 'maps/mp/mp_rooftops.d3dbsp' found in source file '../xenon/zone_source/mp_rooftops.csv'
^1ERROR: Couldn't find material 'me_brickwall_01'
^1	failed loading material 'me_brickwall_01' for asset 'maps/mp/mp_rooftops.d3dbsp' found in source file '../xenon/zone_source/mp_rooftops.csv'
^1ERROR: Couldn't find material 'ch_concretewall01'
^1	failed loading material 'ch_concretewall01' for asset 'maps/mp/mp_rooftops.d3dbsp' found in source file '../xenon/zone_source/mp_rooftops.csv'
^1ERROR: Couldn't find material 'ch_concretewall03'
^1	failed loading material 'ch_concretewall03' for asset 'maps/mp/mp_rooftops.d3dbsp' found in source file '../xenon/zone_source/mp_rooftops.csv'
^1ERROR: Couldn't find material 'me_window_02'
^1	failed loading material 'me_window_02' for asset 'maps/mp/mp_rooftops.d3dbsp' found in source file '../xenon/zone_source/mp_rooftops.csv'
^1ERROR: Couldn't find material 'me_asphalt_road1'
^1	failed loading material 'me_asphalt_road1' for asset 'maps/mp/mp_rooftops.d3dbsp' found in source file '../xenon/zone_source/mp_rooftops.csv'
^1ERROR: Couldn't find material 'me_ground_dirt02_decal'
^1	failed loading material 'me_ground_dirt02_decal' for asset 'maps/mp/mp_rooftops.d3dbsp' found in source file '../xenon/zone_source/mp_rooftops.csv'
^1ERROR: Couldn't find material 'me_sidewalk_01'
^1	failed loading material 'me_sidewalk_01' for asset 'maps/mp/mp_rooftops.d3dbsp' found in source file '../xenon/zone_source/mp_rooftops.csv'
^1ERROR: Couldn't find material 'me_plaster_01'
^1	failed loading material 'me_plaster_01' for asset 'maps/mp/mp_rooftops.d3dbsp' found in source file '../xenon/zone_source/mp_rooftops.csv'
^1ERROR: Couldn't find material 'me_woodboard_02'
^1	failed loading material 'me_woodboard_02' for asset 'maps/mp/mp_rooftops.d3dbsp' found in source file '../xenon/zone_source/mp_rooftops.csv'
^1ERROR: Couldn't find material 'me_cinderblock_wall2'
^1	failed loading material 'me_cinderblock_wall2' for asset 'maps/mp/mp_rooftops.d3dbsp' found in source file '../xenon/zone_source/mp_rooftops.csv'
^1ERROR: Couldn't find material 'me_roof_01'
^1	failed loading material 'me_roof_01' for asset 'maps/mp/mp_rooftops.d3dbsp' found in source file '../xenon/zone_source/mp_rooftops.csv'
^1ERROR: Couldn't find material 'me_floor_02'
^1	failed loading material 'me_floor_02' for asset 'maps/mp/mp_rooftops.d3dbsp' found in source file '../xenon/zone_source/mp_rooftops.csv'
^1ERROR: Couldn't find material 'com_streetlines2'
^1	failed loading material 'com_streetlines2' for asset 'maps/mp/mp_rooftops.d3dbsp' found in source file '../xenon/zone_source/mp_rooftops.csv'
^1ERROR: Couldn't find material 'com_streetlines1'
^1	failed loading material 'com_streetlines1' for asset 'maps/mp/mp_rooftops.d3dbsp' found in source file '../xenon/zone_source/mp_rooftops.csv'
^1ERROR: Couldn't find material 'ch_plaster01'
^1	failed loading material 'ch_plaster01' for asset 'maps/mp/mp_rooftops.d3dbsp' found in source file '../xenon/zone_source/mp_rooftops.csv'
^1ERROR: Couldn't find material 'me_sidewalk_curb_whiteorange'
^1	failed loading material 'me_sidewalk_curb_whiteorange' for asset 'maps/mp/mp_rooftops.d3dbsp' found in source file '../xenon/zone_source/mp_rooftops.csv'
^1ERROR: Couldn't find material 'me_sidewalk_dogbone'
^1	failed loading material 'me_sidewalk_dogbone' for asset 'maps/mp/mp_rooftops.d3dbsp' found in source file '../xenon/zone_source/mp_rooftops.csv'
^1ERROR: Couldn't find material 'me_asphalt_patch2'
^1	failed loading material 'me_asphalt_patch2' for asset 'maps/mp/mp_rooftops.d3dbsp' found in source file '../xenon/zone_source/mp_rooftops.csv'
^1ERROR: Couldn't find material 'me_manhole'
^1	failed loading material 'me_manhole' for asset 'maps/mp/mp_rooftops.d3dbsp' found in source file '../xenon/zone_source/mp_rooftops.csv'
^1ERROR: Couldn't find material 'me_wallpaper1'
^1	failed loading material 'me_wallpaper1' for asset 'maps/mp/mp_rooftops.d3dbsp' found in source file '../xenon/zone_source/mp_rooftops.csv'
^1ERROR: Couldn't find material 'me_floor_concrete'
^1	failed loading material 'me_floor_concrete' for asset 'maps/mp/mp_rooftops.d3dbsp' found in source file '../xenon/zone_source/mp_rooftops.csv'
^1ERROR: Couldn't find material 'me_concrete_dest1'
^1	failed loading material 'me_concrete_dest1' for asset 'maps/mp/mp_rooftops.d3dbsp' found in source file '../xenon/zone_source/mp_rooftops.csv'
^1ERROR: Couldn't find material 'me_metal_garage_door_red'
^1	failed loading material 'me_metal_garage_door_red' for asset 'maps/mp/mp_rooftops.d3dbsp' found in source file '../xenon/zone_source/mp_rooftops.csv'
^1ERROR: Couldn't find material 'me_decal_darkstain_01'
^1	failed loading material 'me_decal_darkstain_01' for asset 'maps/mp/mp_rooftops.d3dbsp' found in source file '../xenon/zone_source/mp_rooftops.csv'
^1ERROR: Couldn't find material 'ch_dec_darkstain_01'
^1	failed loading material 'ch_dec_darkstain_01' for asset 'maps/mp/mp_rooftops.d3dbsp' found in source file '../xenon/zone_source/mp_rooftops.csv'
^1ERROR: Couldn't find material 'me_decal_adobe_top_01'
^1	failed loading material 'me_decal_adobe_top_01' for asset 'maps/mp/mp_rooftops.d3dbsp' found in source file '../xenon/zone_source/mp_rooftops.csv'
^1ERROR: Couldn't find material 'me_brick_01'
^1	failed loading material 'me_brick_01' for asset 'maps/mp/mp_rooftops.d3dbsp' found in source file '../xenon/zone_source/mp_rooftops.csv'
^1ERROR: Couldn't find material 'me_asphalt_01'
^1	failed loading material 'me_asphalt_01' for asset 'maps/mp/mp_rooftops.d3dbsp' found in source file '../xenon/zone_source/mp_rooftops.csv'
^1ERROR: Couldn't find material 'me_pinewood'
^1	failed loading material 'me_pinewood' for asset 'maps/mp/mp_rooftops.d3dbsp' found in source file '../xenon/zone_source/mp_rooftops.csv'
^1ERROR: Couldn't find material 'me_metal_rust_01'
^1	failed loading material 'me_metal_rust_01' for asset 'maps/mp/mp_rooftops.d3dbsp' found in source file '../xenon/zone_source/mp_rooftops.csv'
^1ERROR: Couldn't find material 'me_woodbeam_01'
^1	failed loading material 'me_woodbeam_01' for asset 'maps/mp/mp_rooftops.d3dbsp' found in source file '../xenon/zone_source/mp_rooftops.csv'
^1ERROR: Couldn't find material 'ch_concretewall02'
^1	failed loading material 'ch_concretewall02' for asset 'maps/mp/mp_rooftops.d3dbsp' found in source file '../xenon/zone_source/mp_rooftops.csv'
^1ERROR: Couldn't find material 'ch_plasterwall_long'
^1	failed loading material 'ch_plasterwall_long' for asset 'maps/mp/mp_rooftops.d3dbsp' found in source file '../xenon/zone_source/mp_rooftops.csv'
^1ERROR: Couldn't find material 'me_corrugated_metal01'
^1	failed loading material 'me_corrugated_metal01' for asset 'maps/mp/mp_rooftops.d3dbsp' found in source file '../xenon/zone_source/mp_rooftops.csv'
^1ERROR: Couldn't find material 'me_plaster_03'
^1	failed loading material 'me_plaster_03' for asset 'maps/mp/mp_rooftops.d3dbsp' found in source file '../xenon/zone_source/mp_rooftops.csv'
^1ERROR: Couldn't find material 'me_stonewall_01'
^1	failed loading material 'me_stonewall_01' for asset 'maps/mp/mp_rooftops.d3dbsp' found in source file '../xenon/zone_source/mp_rooftops.csv'
^1ERROR: Couldn't find material 'me_plaster_04'
^1	failed loading material 'me_plaster_04' for asset 'maps/mp/mp_rooftops.d3dbsp' found in source file '../xenon/zone_source/mp_rooftops.csv'
^1ERROR: Couldn't find material 'ship_outside_wall'
^1	failed loading material 'ship_outside_wall' for asset 'maps/mp/mp_rooftops.d3dbsp' found in source file '../xenon/zone_source/mp_rooftops.csv'
^1ERROR: Couldn't find material 'me_trim_metal_01'
^1	failed loading material 'me_trim_metal_01' for asset 'maps/mp/mp_rooftops.d3dbsp' found in source file '../xenon/zone_source/mp_rooftops.csv'
^1ERROR: Couldn't find material 'me_door_06'
^1	failed loading material 'me_door_06' for asset 'maps/mp/mp_rooftops.d3dbsp' found in source file '../xenon/zone_source/mp_rooftops.csv'
^1ERROR: Couldn't find material 'me_woodbeam_end_01'
^1	failed loading material 'me_woodbeam_end_01' for asset 'maps/mp/mp_rooftops.d3dbsp' found in source file '../xenon/zone_source/mp_rooftops.csv'
^1ERROR: Couldn't find material 'me_ground_dirt1'
^1	failed loading material 'me_ground_dirt1' for asset 'maps/mp/mp_rooftops.d3dbsp' found in source file '../xenon/zone_source/mp_rooftops.csv'
^1ERROR: Couldn't find material 'me_ground_concrete01'
^1	failed loading material 'me_ground_concrete01' for asset 'maps/mp/mp_rooftops.d3dbsp' found in source file '../xenon/zone_source/mp_rooftops.csv'
^1ERROR: Couldn't find material 'sky_sp_marksman'
^1	failed loading material 'sky_sp_marksman' for asset 'maps/mp/mp_rooftops.d3dbsp' found in source file '../xenon/zone_source/mp_rooftops.csv'
^1ERROR: Couldn't find material 'me_door_rollup1'
^1	failed loading material 'me_door_rollup1' for asset 'maps/mp/mp_rooftops.d3dbsp' found in source file '../xenon/zone_source/mp_rooftops.csv'
^1ERROR: Couldn't find material 'me_metal_rust_02'
^1	failed loading material 'me_metal_rust_02' for asset 'maps/mp/mp_rooftops.d3dbsp' found in source file '../xenon/zone_source/mp_rooftops.csv'
^1ERROR: Couldn't find material 'me_metal_rust_03'
^1	failed loading material 'me_metal_rust_03' for asset 'maps/mp/mp_rooftops.d3dbsp' found in source file '../xenon/zone_source/mp_rooftops.csv'
^1bad static model 'me_canopy_large2' at (3192 1544 304)
^1bad static model 'com_cardboardbox04' at (3000 1418 360)
^1bad static model 'com_cardboardbox04' at (2980 1418 360)
^1bad static model 'com_cardboardbox04' at (3021 1418 360)
^1bad static model 'com_cardboardbox04' at (3023 1447 360)
^1bad static model 'com_cardboardbox04' at (2980 1417 379)
^1bad static model 'com_cardboardbox04' at (3008 1416 398)
^1bad static model 'com_cardboardbox04' at (3024 1447 379)
^1bad static model 'com_cardboardbox04' at (2980 1418 398)
^1bad static model 'com_cardboardbox04' at (3023 1447 398)
^1bad static model 'com_cardboardbox04' at (3000 1417 379)
^1bad static model 'com_cardboardbox04' at (3020 1418 379)
^1bad static model 'com_cardboardbox04' at (3002 1447 360)
^1bad static model 'com_cardboardbox04' at (3003 1447 379)
^1bad static model 'com_cardboardbox04' at (3002 1447 398)
^1bad static model 'com_cardboardbox04' at (2980 1447 360)
^1bad static model 'com_cardboardbox04' at (2981 1447 379)
^1bad static model 'com_cardboardbox04' at (2980 1447 398)
^1bad static model 'com_cardboardbox04' at (2924 1690 360)
^1bad static model 'com_cardboardbox04' at (2924 1710 360)
^1bad static model 'com_cardboardbox04' at (2924 1669 360)
^1bad static model 'com_cardboardbox04' at (2953 1667 360)
^1bad static model 'com_cardboardbox04' at (2923 1710 379)
^1bad static model 'com_cardboardbox04' at (2922 1682 398)
^1bad static model 'com_cardboardbox04' at (2953 1666 379)
^1bad static model 'com_cardboardbox04' at (2924 1710 398)
^1bad static model 'com_cardboardbox04' at (2953 1667 398)
^1bad static model 'com_cardboardbox04' at (2923 1690 379)
^1bad static model 'com_cardboardbox04' at (2924 1670 379)
^1bad static model 'com_cardboardbox04' at (2953 1688 360)
^1bad static model 'com_cardboardbox04' at (2953 1687 379)
^1bad static model 'com_cardboardbox04' at (2953 1688 398)
^1bad static model 'com_cardboardbox04' at (2953 1710 360)
^1bad static model 'com_cardboardbox04' at (2953 1709 379)
^1bad static model 'com_cardboardbox04' at (2953 1710 398)
^1bad static model 'me_canopy_large3' at (4176 64 320)
^1bad static model 'com_cardboardbox04' at (4326 -432 208)
^1bad static model 'com_cardboardbox04' at (4326 -452 208)
^1bad static model 'com_cardboardbox04' at (4326 -411 208)
^1bad static model 'com_cardboardbox04' at (4297 -409 208)
^1bad static model 'com_cardboardbox04' at (4327 -452 227)
^1bad static model 'com_cardboardbox04' at (4328 -424 246)
^1bad static model 'com_cardboardbox04' at (4297 -408 227)
^1bad static model 'com_cardboardbox04' at (4326 -452 246)
^1bad static model 'com_cardboardbox04' at (4297 -409 246)
^1bad static model 'com_cardboardbox04' at (4327 -432 227)
^1bad static model 'com_cardboardbox04' at (4326 -412 227)
^1bad static model 'com_cardboardbox04' at (4297 -430 208)
^1bad static model 'com_cardboardbox04' at (4297 -429 227)
^1bad static model 'com_cardboardbox04' at (4297 -430 246)
^1bad static model 'com_cardboardbox04' at (4297 -452 208)
^1bad static model 'com_cardboardbox04' at (4297 -451 227)
^1bad static model 'com_cardboardbox04' at (4297 -452 246)
^1bad static model 'com_cardboardbox04' at (4336 2210 208)
^1bad static model 'com_cardboardbox04' at (4316 2210 208)
^1bad static model 'com_cardboardbox04' at (4357 2210 208)
^1bad static model 'com_cardboardbox04' at (4359 2239 208)
^1bad static model 'com_cardboardbox04' at (4316 2209 227)
^1bad static model 'com_cardboardbox04' at (4344 2208 246)
^1bad static model 'com_cardboardbox04' at (4360 2239 227)
^1bad static model 'com_cardboardbox04' at (4316 2210 246)
^1bad static model 'com_cardboardbox04' at (4359 2239 246)
^1bad static model 'com_cardboardbox04' at (4336 2209 227)
^1bad static model 'com_cardboardbox04' at (4356 2210 227)
^1bad static model 'com_cardboardbox04' at (4338 2239 208)
^1bad static model 'com_cardboardbox04' at (4339 2239 227)
^1bad static model 'com_cardboardbox04' at (4338 2239 246)
^1bad static model 'com_cardboardbox04' at (4316 2239 208)
^1bad static model 'com_cardboardbox04' at (4317 2239 227)
^1bad static model 'com_cardboardbox04' at (4316 2239 246)
^1bad static model 'com_barrel_corrosive_rust' at (4352 2464 336)
^1bad static model 'com_barrel_corrosive_rust' at (4328 2480 336)
^1bad static model 'me_corrugated_metal4x8' at (3222 750 504)
^1bad static model 'me_corrugated_metal4x8' at (3222 706 504)
^1bad static model 'me_corrugated_metal4x8' at (2370 374 504)
^1bad static model 'me_corrugated_metal4x8' at (2326 374 504)
^1bad static model 'com_water_tank2' at (3152 786 456)
^1bad static model 'com_water_tank2_stand' at (3152 784 456)
^1bad static model 'mw_scale_soldier' at (3162 1274 -192)
^1bad static model 'me_corrugated_metal4x8' at (3054 2072 524)
^1bad static model 'com_cardboardbox04' at (4274 557 208)
^1bad static model 'com_cardboardbox04' at (4294 557 208)
^1bad static model 'com_cardboardbox04' at (4253 557 208)
^1bad static model 'com_cardboardbox04' at (4251 528 208)
^1bad static model 'com_cardboardbox04' at (4294 558 227)
^1bad static model 'com_cardboardbox04' at (4266 559 246)
^1bad static model 'com_cardboardbox04' at (4250 528 227)
^1bad static model 'com_cardboardbox04' at (4294 557 246)
^1bad static model 'com_cardboardbox04' at (4251 528 246)
^1bad static model 'com_cardboardbox04' at (4274 558 227)
^1bad static model 'com_cardboardbox04' at (4254 557 227)
^1bad static model 'com_cardboardbox04' at (4272 528 208)
^1bad static model 'com_cardboardbox04' at (4271 528 227)
^1bad static model 'com_cardboardbox04' at (4272 528 246)
^1bad static model 'com_cardboardbox04' at (4294 528 208)
^1bad static model 'com_cardboardbox04' at (4293 528 227)
^1bad static model 'com_cardboardbox04' at (4294 528 246)
^1bad static model 'me_dumpster_close' at (4416 672 200)
^1bad static model 'com_barrel_white_rust' at (2291 554 200)
^1bad static model 'com_barrel_white_rust' at (2291 526 200)
^1bad static model 'com_barrel_white_rust' at (2319 526 200)
^1bad static model 'com_barrel_red_rust' at (2319 554 200)
^1bad static model 'me_dumpster_close' at (2408 856 192)
^1bad static model 'me_corrugated_metal4x8' at (2690 1112 504)
^1bad static model 'me_corrugated_metal4x8' at (2690 1068 504)
^1bad static model 'me_corrugated_metal4x8' at (2690 1020 504)
^1bad static model 'me_corrugated_metal4x8' at (4372 198 544)
^1bad static model 'me_corrugated_metal4x8' at (4328 198 544)
^1bad static model 'me_corrugated_metal4x8' at (4944 207 506)
^1bad static model 'me_corrugated_metal4x8' at (3118 1401 532)
^1bad static model 'me_corrugated_metal4x8' at (4416 1049 560)
^1bad static model 'me_corrugated_metal4x8' at (3166 -209 524)
^1bad static model 'me_corrugated_metal4x8' at (3122 -209 524)
^1bad static model 'me_corrugated_metal4x8' at (3190 -232 524)
^1bad static model 'me_corrugated_metal4x8' at (3190 -280 524)
^1bad static model 'me_corrugated_metal4x8' at (2418 374 504)
^1bad static model 'me_corrugated_metal4x8' at (2466 374 504)
^1bad static model 'com_water_tank2' at (2848 -274 464)
^1bad static model 'com_water_tank2_stand' at (2848 -276 464)
^1bad static model 'me_corrugated_metal8x8' at (2668 703 242)
^1bad static model 'me_corrugated_metal8x8' at (2577 687 242)
^1bad static model 'me_corrugated_metal8x8' at (2484 675 242)
^1bad static model 'me_corrugated_metal8x8' at (2212 671 242)
^1bad static model 'me_corrugated_metal8x8' at (2116 671 242)
^1bad static model 'me_corrugated_metal8x8' at (2023 688 242)
^1bad static model 'me_corrugated_metal8x8' at (3193 1892 242)
^1bad static model 'me_corrugated_metal8x8' at (3205 2196 242)
^1bad static model 'me_corrugated_metal8x8' at (3193 2290 242)
^1bad static model 'me_corrugated_metal8x8' at (3175 2384 242)
^1bad static model 'me_corrugated_metal8x8' at (3091 2553 242)
^1bad static model 'me_corrugated_metal8x8' at (3010 2603 242)
^1bad static model 'me_corrugated_metal8x8' at (3209 2100 242)
^1bad static model 'me_corrugated_metal8x8' at (4167 -612 242)
^1bad static model 'me_corrugated_metal8x8' at (4260 -753 242)
^1bad static model 'me_corrugated_metal8x8' at (4356 -761 242)
^1bad static model 'me_corrugated_metal8x8' at (4163 -516 242)
^1bad static model 'me_corrugated_metal8x8' at (4452 -765 242)
^1bad static model 'com_cardboardbox04' at (4534 -623 200)
^1bad static model 'com_cardboardbox04' at (4554 -626 200)
^1bad static model 'com_cardboardbox04' at (4513 -619 200)
^1bad static model 'com_cardboardbox04' at (4506 -647 200)
^1bad static model 'com_cardboardbox04' at (4554 -625 219)
^1bad static model 'com_cardboardbox04' at (4526 -619 238)
^1bad static model 'com_cardboardbox04' at (4505 -647 219)
^1bad static model 'com_cardboardbox04' at (4554 -626 238)
^1bad static model 'com_cardboardbox04' at (4506 -647 238)
^1bad static model 'com_cardboardbox04' at (4534 -622 219)
^1bad static model 'com_cardboardbox04' at (4514 -619 219)
^1bad static model 'com_cardboardbox04' at (4527 -651 200)
^1bad static model 'com_cardboardbox04' at (4526 -651 219)
^1bad static model 'com_cardboardbox04' at (4527 -651 238)
^1bad static model 'com_cardboardbox04' at (4548 -655 200)
^1bad static model 'com_cardboardbox04' at (4548 -654 219)
^1bad static model 'com_cardboardbox04' at (4548 -655 238)
^1bad static model 'com_cardboardbox04' at (4213 -689 200)
^1bad static model 'com_cardboardbox04' at (4193 -689 200)
^1bad static model 'com_cardboardbox04' at (4234 -689 200)
^1bad static model 'com_cardboardbox04' at (4236 -660 200)
^1bad static model 'com_cardboardbox04' at (4193 -690 219)
^1bad static model 'com_cardboardbox04' at (4221 -691 238)
^1bad static model 'com_cardboardbox04' at (4237 -660 219)
^1bad static model 'com_cardboardbox04' at (4193 -689 238)
^1bad static model 'com_cardboardbox04' at (4236 -660 238)
^1bad static model 'com_cardboardbox04' at (4213 -690 219)
^1bad static model 'com_cardboardbox04' at (4233 -689 219)
^1bad static model 'com_cardboardbox04' at (4215 -660 200)
^1bad static model 'com_cardboardbox04' at (4216 -660 219)
^1bad static model 'com_cardboardbox04' at (4215 -660 238)
^1bad static model 'com_cardboardbox04' at (4193 -660 200)
^1bad static model 'com_cardboardbox04' at (4194 -660 219)
^1bad static model 'com_cardboardbox04' at (4193 -660 238)
^1bad static model 'com_cardboardbox04' at (4390 -516 200)
^1bad static model 'com_cardboardbox04' at (4408 -525 200)
^1bad static model 'com_cardboardbox04' at (4370 -507 200)
^1bad static model 'com_cardboardbox04' at (4356 -533 200)
^1bad static model 'com_cardboardbox04' at (4408 -524 219)
^1bad static model 'com_cardboardbox04' at (4383 -511 238)
^1bad static model 'com_cardboardbox04' at (4356 -532 219)
^1bad static model 'com_cardboardbox04' at (4408 -525 238)
^1bad static model 'com_cardboardbox04' at (4356 -533 238)
^1bad static model 'com_cardboardbox04' at (4390 -515 219)
^1bad static model 'com_cardboardbox04' at (4371 -508 219)
^1bad static model 'com_cardboardbox04' at (4375 -542 200)
^1bad static model 'com_cardboardbox04' at (4375 -541 219)
^1bad static model 'com_cardboardbox04' at (4375 -542 238)
^1bad static model 'com_cardboardbox04' at (4395 -551 200)
^1bad static model 'com_cardboardbox04' at (4394 -551 219)
^1bad static model 'com_cardboardbox04' at (4395 -551 238)
^1bad static model 'me_canopy_large1' at (3232 848 288)
^1bad static model 'me_canopy_large1' at (3232 1112 288)
^1bad static model 'me_canopy_large3' at (3200 -344 288)
^1bad static model 'me_canopy_large1' at (3200 -592 288)
^1bad static model 'me_canopy_large4' at (4160 1280 288)
^1bad static model 'me_canopy_large1' at (4352 1864 288)
^1bad static model 'me_canopy_large1' at (4352 1680 288)
^1bad static model 'me_streetlight' at (4141 796 204)
^1bad static model 'me_corrugated_metal4x8' at (2514 374 504)
^1bad static model 'me_corrugated_metal4x8' at (2562 374 504)
^1bad static model 'me_corrugated_metal4x8' at (4636 1049 560)
^1bad static model 'me_streetlightdual' at (3693 914 200)
^1bad static model 'me_streetlightdual' at (3695 -280 200)
^1bad static model 'foliage_tree_palm_01' at (3690 24 176)
^1bad static model 'foliage_tree_palm_01' at (3695 -112 168)
^1bad static model 'foliage_tree_palm_01' at (3695 -552 176)
^1bad static model 'foliage_tree_palm_01' at (3690 -416 168)
^1bad static model 'foliage_tree_palm_01' at (3703 684 112)
^1bad static model 'foliage_tree_palm_01' at (3698 804 216)
^1bad static model 'foliage_tree_palm_01' at (3690 1522 176)
^1bad static model 'foliage_tree_palm_01' at (3695 1386 168)
^1bad static model 'me_streetlightdual' at (3693 1282 200)
^1bad static model 'foliage_tree_palm_01' at (3698 2728 176)
^1bad static model 'foliage_tree_palm_01' at (3703 2592 168)
^1bad static model 'foliage_tree_palm_01' at (3703 2144 128)
^1bad static model 'foliage_tree_palm_01' at (3698 2280 120)
^1bad static model 'me_streetlightdual' at (3697 2456 200)
^1bad static model 'me_corrugated_metal8x8' at (4193 -703 242)
^1bad static model 'me_corrugated_metal4x8' at (3222 798 504)
^1bad static model 'me_corrugated_metal4x8' at (3222 842 504)
^1bad static model 'me_corrugated_metal4x8' at (3222 1246 504)
^1bad static model 'me_corrugated_metal4x8' at (3222 1202 504)
^1bad static model 'me_corrugated_metal4x8' at (3070 1401 532)
^1bad static model 'me_corrugated_metal4x8' at (3026 1401 532)
^1bad static model 'me_corrugated_metal4x8' at (2980 1401 532)
^1bad static model 'me_corrugated_metal4x8' at (4680 1049 560)
^1bad static model 'me_corrugated_metal4x8' at (4724 1049 552)
^1bad static model 'me_corrugated_metal4x8' at (4992 207 506)
^1bad static model 'me_corrugated_metal4x8' at (5040 207 506)
^1bad static model 'me_corrugated_metal4x8' at (4592 1049 560)
^1bad static model 'me_corrugated_metal4x8' at (4460 1049 560)
^1bad static model 'me_corrugated_metal4x8' at (4772 1049 536)
^1bad static model 'vehicle_bus' at (3686 1868 192)
^1bad static model 'me_corrugated_metal4x8' at (2608 1593 524)
^1bad static model 'me_corrugated_metal4x8' at (2656 1593 532)
^1bad static model 'me_corrugated_metal4x8' at (2704 1593 540)
^1bad static model 'me_corrugated_metal4x8' at (2752 1593 540)
^1bad static model 'me_corrugated_metal4x8' at (2800 1593 540)
^1bad static model 'me_corrugated_metal4x8' at (2560 1593 516)
^1bad static model 'me_corrugated_metal4x8' at (2058 374 504)
^1bad static model 'me_corrugated_metal4x8' at (2014 374 504)
^1bad static model 'com_water_tank2' at (5160 110 416)
^1bad static model 'com_water_tank2_stand' at (5160 108 416)
^1bad static model 'me_corrugated_metal4x8' at (4280 198 544)
^1bad static model 'me_corrugated_metal4x8' at (4232 198 544)
^1bad static model 'me_corrugated_metal4x8' at (4420 198 544)
^1bad static model 'com_water_tank2' at (4664 822 456)
^1bad static model 'com_water_tank2_stand' at (4664 820 456)
^1bad static model 'vehicle_bus2' at (3830 272 192)
^1bad static model 'me_corrugated_metal4x8' at (3054 2320 524)
^1bad static model 'me_dumpster_close' at (2640 976 192)
^1bad static model 'me_concrete_barrier' at (3056 2736 200)
^1bad static model 'me_concrete_barrier' at (3136 2768 200)
^1bad static model 'me_concrete_barrier' at (3220 2768 200)
^1bad static model 'me_concrete_barrier' at (3364 2776 192)
^1bad static model 'me_concrete_barrier' at (3272 2740 200)
^1bad static model 'me_concrete_barrier' at (3448 2760 192)
^1bad static model 'me_concrete_barrier' at (3528 2776 192)
^1bad static model 'me_concrete_barrier' at (3600 2748 192)
^1bad static model 'me_concrete_barrier' at (3800 2740 192)
^1bad static model 'me_concrete_barrier' at (3888 2708 192)
^1bad static model 'me_concrete_barrier' at (3968 2672 192)
^1bad static model 'me_concrete_barrier' at (4032 2620 192)
^1bad static model 'me_concrete_barrier' at (4120 2576 200)
^1bad static model 'me_concrete_barrier' at (3000 2688 200)
^1bad static model 'me_concrete_barrier' at (4028 -712 192)
^1bad static model 'me_concrete_barrier' at (4120 -676 200)
^1bad static model 'me_concrete_barrier' at (3944 -696 192)
^1bad static model 'me_concrete_barrier' at (3864 -712 192)
^1bad static model 'me_concrete_barrier' at (3792 -708 192)
^1bad static model 'me_concrete_barrier' at (3592 -692 192)
^1bad static model 'me_concrete_barrier' at (3504 -644 192)
^1bad static model 'me_concrete_barrier' at (3424 -608 192)
^1bad static model 'me_concrete_barrier' at (3360 -556 192)
^1bad static model 'me_concrete_barrier' at (3272 -512 200)
^1bad static model 'me_concrete_barrier' at (3704 -708 200)
^1bad static model 'me_ac_big' at (4376 1256 520)
^1bad static model 'me_ac_big' at (4376 1332 520)
^1bad static model 'foliage_tree_palm_01' at (3216 473 216)
^1bad static model 'com_barrel_white_rust' at (4432 648 280)
^1bad static model 'me_dumpster_close' at (3264 1248 200)
^1bad static model 'com_barrel_white_rust' at (3248 1272 280)
^1bad static model 'me_ac_big' at (4952 776 456)
^1bad static model 'me_ac_big' at (3080 1004 456)
^1bad static model 'me_ac_big' at (2888 1184 456)
^1bad static model 'me_ac_big' at (2832 824 456)
^1ERROR: Could not open 'maps/mp/mp_rooftops_fx.gsc'
^1	failed loading 'maps/mp/mp_rooftops_fx.gsc' of type 'rawfile' found in source file '../xenon/zone_source/mp_rooftops.csv'
