^1ERROR: Could not open '../xenon/main_shared/aitype/enemy_arab_ar_famas.csv'
^1ERROR: Couldn't find material 'us_dirtroad_blend'
^1ERROR: Couldn't find material 'ca_quarry_wall02'
^1ERROR: Couldn't open techniqueSet 'techsets/l_sm_r0c0n0s0_t1c1n1s1.techset'
^1ERROR: Couldn't open techniqueSet 'techsets/l_sm_r0c0n0s0_b1c1n1s1.techset'
^1ERROR: Couldn't open techniqueSet 'techsets/l_sm_r0c0n0s0_b1c1.techset'
^1ERROR: Couldn't open techniqueSet 'techsets/l_sm_r0c0n0s0_m1c1.techset'
^1ERROR: Couldn't open techniqueSet 'techsets/l_sm_r0c0n0s0_t1c1n1s1_m2c2.techset'
^1ERROR: Couldn't open techniqueSet 'techsets/l_sm_r0c0n0s0_b1c1n1_m2c2.techset'
^1ERROR: Couldn't open techniqueSet 'techsets/l_sm_r0c0n0s0_b1c1s1.techset'
^1ERROR: Couldn't open techniqueSet 'techsets/l_sm_r0c0n0s0_b1c1n1.techset'
^1ERROR: Couldn't open techniqueSet 'techsets/l_sm_r0c0n0s0_b1c1n1s1_m2c2.techset'
^1ERROR: Couldn't open techniqueSet 'techsets/l_sm_r0c0n0s0_m1c1_m2c2.techset'
^1ERROR: Couldn't find material 'glasstest'
^1ERROR: Could not open 'maps/proto_anim.gsc'
^1ERROR: failed loading 'maps/proto_anim.gsc' of type 'rawfile'
^1ERROR: Could not open 'maps/proto_amb.gsc'
^1ERROR: failed loading 'maps/proto_amb.gsc' of type 'rawfile'
^1ERROR: Could not open 'maps/proto_fx.gsc'
^1ERROR: failed loading 'maps/proto_fx.gsc' of type 'rawfile'
^1Localization ERROR: Unable to load "localizedstrings/proto.str"!
^1ERROR: duplicate asset: 'jump_across_72' of type 'xanim'
^1ERROR: duplicate asset: 'weapon_at4' of type 'xmodel'
^1ERROR: alias 'null' already added - ignoring
^1ERROR: duplicate asset: 'vision/default_night_off.vision' of type 'rawfile'
^1ERROR: duplicate asset: 'vision/default.vision' of type 'rawfile'
^1ERROR: duplicate asset: 'vision/default_night.vision' of type 'rawfile'
^1ERROR: duplicate asset: 'maps/_covertest.gsc' of type 'rawfile'
