ERROR: Could not open 'thumbstick_default.cfg'
ERROR: failed loading 'thumbstick_default.cfg' of type 'rawfile'
ERROR: Could not open 'devgui_scriptart.cfg'
ERROR: failed loading 'devgui_scriptart.cfg' of type 'rawfile'
ERROR: Could not open 'devgui_maps_sp.cfg'
ERROR: failed loading 'devgui_maps_sp.cfg' of type 'rawfile'
ERROR: Could not open 'devgui_main.cfg'
ERROR: failed loading 'devgui_main.cfg' of type 'rawfile'
ERROR: Could not open 'devgui_visibility.cfg'
ERROR: failed loading 'devgui_visibility.cfg' of type 'rawfile'
ERROR: Could not open 'devgui_renderer.cfg'
ERROR: failed loading 'devgui_renderer.cfg' of type 'rawfile'
ERROR: Could not open 'viewsensitivity_med.cfg'
ERROR: failed loading 'viewsensitivity_med.cfg' of type 'rawfile'
ERROR: Could not open 'avatar_dev.cfg'
ERROR: failed loading 'avatar_dev.cfg' of type 'rawfile'
ERROR: Could not open 'createfx.cfg'
ERROR: failed loading 'createfx.cfg' of type 'rawfile'
ERROR: Could not open 'autoexec_dev.cfg'
ERROR: failed loading 'autoexec_dev.cfg' of type 'rawfile'
ERROR: Could not open 'developer.cfg'
ERROR: failed loading 'developer.cfg' of type 'rawfile'
ERROR: Could not open 'thumbstick_southpaw.cfg'
ERROR: failed loading 'thumbstick_southpaw.cfg' of type 'rawfile'
ERROR: Could not open 'thumbstick_legacy.cfg'
ERROR: failed loading 'thumbstick_legacy.cfg' of type 'rawfile'
ERROR: Could not open 'thumbstick_legacysouthpaw.cfg'
ERROR: failed loading 'thumbstick_legacysouthpaw.cfg' of type 'rawfile'
ERROR: Could not open 'viewsensitivity_low.cfg'
ERROR: failed loading 'viewsensitivity_low.cfg' of type 'rawfile'
ERROR: Could not open 'viewsensitivity_high.cfg'
ERROR: failed loading 'viewsensitivity_high.cfg' of type 'rawfile'
ERROR: Could not open 'viewsensitivity_ultra.cfg'
ERROR: failed loading 'viewsensitivity_ultra.cfg' of type 'rawfile'
ERROR: Could not open 'devgui_aimassist.cfg'
ERROR: failed loading 'devgui_aimassist.cfg' of type 'rawfile'
ERROR: Could not open 'devgui_modelpreviewer.cfg'
ERROR: failed loading 'devgui_modelpreviewer.cfg' of type 'rawfile'
ERROR: Could not open 'default_splitscreen.cfg'
ERROR: failed loading 'default_splitscreen.cfg' of type 'rawfile'
ERROR: Could not open 'default_systemlink.cfg'
ERROR: failed loading 'default_systemlink.cfg' of type 'rawfile'
ERROR: Could not open 'default_xboxlive.cfg'
ERROR: failed loading 'default_xboxlive.cfg' of type 'rawfile'
ERROR: Could not open 'ac130.cfg'
ERROR: failed loading 'ac130.cfg' of type 'rawfile'
ERROR: Could not open 'antfarmcodmw1.cfg'
ERROR: failed loading 'antfarmcodmw1.cfg' of type 'rawfile'
ERROR: Could not open 'antfarmcodmw2.cfg'
ERROR: failed loading 'antfarmcodmw2.cfg' of type 'rawfile'
ERROR: Could not open 'enable_art.cfg'
ERROR: failed loading 'enable_art.cfg' of type 'rawfile'
ERROR: Sound file 'sound/misc/coup_assassination_fire_00d.wav' not found
ERROR: Sound file 'sound/mp/mp_experiencefill_onesecond.wav' not found
ERROR: Sound file 'sound/mp/mp_player_join_gate.wav' not found
ERROR: Sound file 'sound/mp/mp_player_leave_elec.wav' not found
