ERROR: Sound file 'sound/animal/anml_dog_fence.wav' not found
ERROR: Sound file 'sound/animal/anml_dog_bark01.wav' not found
ERROR: Sound file 'sound/animal/anml_dog_bark02.wav' not found
ERROR: Sound file 'sound/animal/anml_dog_bark03.wav' not found
ERROR: Sound file 'sound/animal/anml_dog_bark04.wav' not found
ERROR: Sound file 'sound/animal/anml_dog_bark05.wav' not found
ERROR: Sound file 'sound/animal/anml_dog_bark06.wav' not found
ERROR: Sound file 'sound/animal/anml_dog_bark07.wav' not found
ERROR: Sound file 'sound/animal/anml_dog_bark08.wav' not found
ERROR: Sound file 'sound/animal/anml_dog_collar_short01.wav' not found
ERROR: Sound file 'sound/animal/anml_dog_collar_short02.wav' not found
ERROR: Sound file 'sound/animal/anml_dog_collar_short03.wav' not found
ERROR: Sound file 'sound/animal/anml_dog_collar_short04.wav' not found
ERROR: Sound file 'sound/animal/anml_dog_collar_short05.wav' not found
ERROR: Sound file 'sound/animal/anml_dog_collar_short06.wav' not found
ERROR: Sound file 'sound/animal/anml_dog_kill_player.wav' not found
ERROR: Sound file 'sound/animal/anml_dog_growl01.wav' not found
ERROR: Sound file 'sound/animal/anml_dog_growl02.wav' not found
ERROR: Sound file 'sound/animal/anml_dog_growl03.wav' not found
ERROR: Sound file 'sound/animal/anml_dog_growl04.wav' not found
ERROR: Sound file 'sound/animal/anml_dog_growl05.wav' not found
ERROR: Sound file 'sound/animal/anml_dog_bark_alt01v4.wav' not found
ERROR: Sound file 'sound/animal/anml_dog_bark_alt02v4.wav' not found
ERROR: Sound file 'sound/animal/anml_dog_bark_alt03v4.wav' not found
ERROR: Sound file 'sound/animal/anml_dog_bark_alt04v4.wav' not found
ERROR: Sound file 'sound/animal/anml_dog_bark_alt05v4.wav' not found
ERROR: Sound file 'sound/animal/anml_dog_bark_alt06v4.wav' not found
ERROR: Sound file 'sound/animal/anml_dog_bark_alt07v4.wav' not found
ERROR: Sound file 'sound/animal/anml_dog_bark_alt08v4.wav' not found
ERROR: Sound file 'sound/animal/anml_dog_pain01.wav' not found
ERROR: Sound file 'sound/animal/anml_dog_pain02.wav' not found
ERROR: Sound file 'sound/animal/anml_dog_pain03.wav' not found
ERROR: Sound file 'sound/animal/anml_dog_pain04.wav' not found
ERROR: Sound file 'sound/animal/anml_dog_pain05.wav' not found
ERROR: Sound file 'sound/animal/anml_dog_pain06.wav' not found
ERROR: Sound file 'sound/animal/anml_dog_pain07.wav' not found
ERROR: Sound file 'sound/animal/anml_dog_pain08.wav' not found
ERROR: Sound file 'sound/animal/anml_dog_fence_push01.wav' not found
ERROR: Sound file 'sound/animal/anml_dog_idlelook01.wav' not found
ERROR: Sound file 'sound/animal/anml_dog_idlelook04.wav' not found
ERROR: Sound file 'sound/animal/anml_dog_idlelook05.wav' not found
ERROR: Sound file 'sound/animal/anml_dog_pant01.wav' not found
ERROR: Sound file 'sound/animal/anml_dog_pant02.wav' not found
ERROR: Sound file 'sound/animal/anml_dog_pant03.wav' not found
ERROR: Sound file 'sound/animal/anml_dog_pant04.wav' not found
ERROR: Sound file 'sound/animal/anml_dog_pant05.wav' not found
ERROR: Sound file 'sound/animal/anml_dog_pant06.wav' not found
ERROR: Sound file 'sound/animal/anml_dog_collar_long01.wav' not found
ERROR: Sound file 'sound/animal/anml_dog_collar_long02.wav' not found
ERROR: Sound file 'sound/animal/anml_dog_collar_long03.wav' not found
ERROR: Sound file 'sound/user_interface/ui_arcade_multiply1.wav' not found
ERROR: Sound file 'sound/user_interface/ui_arcade_checkpoint1.wav' not found
ERROR: Sound file 'sound/user_interface/ui_arcade_extra_life1.wav' not found
ERROR: Sound file 'sound/user_interface/ui_arcade_streak_lost1.wav' not found
ERROR: Sound file 'sound/user_interface/ui_arcade_streak_won1.wav' not found
ERROR: Sound file 'sound/user_interface/ui_arcade_zero_death1.wav' not found
ERROR: Sound file 'sound/vehicles/car_door_close.wav' not found
ERROR: Sound file 'sound/animal/anml_dog_neckbreak1.wav' not found
ERROR: Sound file 'sound/animal/anml_dog_foot_dirt01.wav' not found
ERROR: Sound file 'sound/animal/anml_dog_foot_dirt02.wav' not found
ERROR: Sound file 'sound/animal/anml_dog_foot_dirt03.wav' not found
ERROR: Sound file 'sound/animal/anml_dog_foot_dirt04.wav' not found
ERROR: Sound file 'sound/animal/dogfoot_stone01.wav' not found
ERROR: Sound file 'sound/animal/dogfoot_stone02.wav' not found
ERROR: Sound file 'sound/animal/dogfoot_stone03.wav' not found
ERROR: Sound file 'sound/animal/dogfoot_stone04.wav' not found
ERROR: Sound file 'sound/animal/dogfoot_stone05.wav' not found
ERROR: Sound file 'sound/animal/dogfoot_stone06.wav' not found
ERROR: Sound file 'sound/animal/dogfoot_stone07.wav' not found
ERROR: Sound file 'sound/level/foly_fastrope_end1.wav' not found
ERROR: Sound file 'sound/level/foly_fastrope_loop1.wav' not found
ERROR: Sound file 'sound/level/foly_fastrope_start1.wav' not found
ERROR: Sound file 'sound/misc/potato_hit_brick02.wav' not found
ERROR: Sound file 'sound/misc/door_opn_halftrack.wav' not found
ERROR: Sound file 'sound/misc/mrk_ladder_impact1.wav' not found
ERROR: Sound file 'sound/misc/mrk_ladder_kick1.wav' not found
ERROR: Sound file 'sound/voiceovers/us/icbm/icbm_grg_3_30.wav' not found
ERROR: Sound file 'sound/misc/mrk_paper_grab_1.wav' not found
ERROR: Sound file 'sound/misc/mrk_paper_grab_3.wav' not found
ERROR: Sound file 'sound/misc/mrk_paper_tear_1.wav' not found
ERROR: Sound file 'sound/misc/mrk_paper_tear_2.wav' not found
ERROR: Sound file 'sound/vehicles/crashes/truck_splash.wav' not found
ERROR: Sound file 'sound/vehicles/kubel_move.wav' not found
ERROR: Sound file 'sound/vehicles/kubel_idle.wav' not found
ERROR: Sound file 'sound/vehicles/horn_beep.wav' not found
ERROR: Sound file 'sound/user_interface/ui_screen_in1.wav' not found
ERROR: Sound file 'sound/user_interface/ui_screen_out1.wav' not found
ERROR: Sound file 'sound/weapons/g36/weap_g36_slst_1.wav' not found
ERROR: Sound file 'sound/weapons/barrett/weap_barrett_slst_2b.wav' not found
ERROR: Sound file 'sound/foley/wpfoly_de50_reload_chamber_v1.wav' not found
ERROR: Sound file 'sound/foley/wpfoly_de50_reload_clipin_v1.wav' not found
ERROR: Sound file 'sound/foley/wpfoly_de50_reload_clipout_v1.wav' not found
ERROR: Sound file 'sound/weapons/de/weap_deserteagle_slst_2.wav' not found
ERROR: Sound file 'sound/weapons/p90/weap_p90_slst_1.wav' not found
ERROR: Sound file 'sound/weapons/p90/weap_p90_silencer_slst_1.wav' not found
ERROR: Sound file 'sound/foley/wpfoly_g36_reload_chamber_v1.wav' not found
ERROR: Sound file 'sound/foley/wpfoly_g36_reload_clipin_v1.wav' not found
ERROR: Sound file 'sound/foley/wpfoly_g36_reload_clipout_v1.wav' not found
ERROR: Sound file 'sound/foley/wpfoly_g36_reload_lift_v1.wav' not found
ERROR: Sound file 'sound/foley/wpfoly_m82_reload_chamber_v1.wav' not found
ERROR: Sound file 'sound/foley/wpfoly_m82_reload_clipin_v1.wav' not found
ERROR: Sound file 'sound/foley/wpfoly_m82_reload_clipout_v1.wav' not found
ERROR: Sound file 'sound/foley/wpfoly_m82_reload_lift_v1.wav' not found
ERROR: Sound file 'sound/ac130/ac130_40mm_fire_c2.wav' not found
ERROR: Sound file 'sound/weapons/miniuzi/weap_miniuzi_slst_2b.wav' not found
ERROR: Sound file 'sound/foley/wpfoly_p90_reload_chamber_v1.wav' not found
ERROR: Sound file 'sound/foley/wpfoly_p90_reload_clipin_v1.wav' not found
ERROR: Sound file 'sound/foley/wpfoly_p90_reload_clipout_v1.wav' not found
ERROR: Sound file 'sound/foley/wpfoly_p90_pickup_lift_v1.wav' not found
ERROR: Sound file 'sound/foley/wpfoly_p90_reload_hit_v1.wav' not found
ERROR: Sound file 'sound/foley/wpfoly_p90_reload_lift_v1.wav' not found
ERROR: Sound file 'sound/foley/wpfoly_skorpion_reload_chamber_v1.wav' not found
ERROR: Sound file 'sound/foley/wpfoly_skorpion_reload_clipin_v1.wav' not found
ERROR: Sound file 'sound/foley/wpfoly_skorpion_reload_clipout_v1.wav' not found
ERROR: Sound file 'sound/weapons/skorpion/weap_skorpion_slst_2.wav' not found
ERROR: Sound file 'sound/foley/wpfoly_skorpion_reload_lift_v1.wav' not found
Sound file 'sound/music/HGW_airplane_alt_v2b.mp3' not found
Sound file 'sound/animal/anml_bird_startle_away1.wav' not found
Sound file 'sound/animal/anml_bird_startle_away2.wav' not found
Sound file 'sound/animal/anml_bird_startle_away3.wav' not found
Sound file 'sound/amb_elements/elm_anml_wolf_dist01.wav' not found
Sound file 'sound/music/LC_silentmovie_special.mp3' not found
Sound file 'sound/amb_elements/elm_dog10.wav' not found
Sound file 'sound/amb_elements/elm_dog11.wav' not found
Sound file 'sound/amb_elements/elm_dog12.wav' not found
Sound file 'sound/amb_elements/elm_camel10.wav' not found
Sound file 'sound/amb_elements/elm_heli_flyover_int1.wav' not found
Sound file 'sound/amb_elements/elm_heli_flyover_int2.wav' not found
Sound file 'sound/amb_elements/elm_heli_flyover_int3.wav' not found
Sound file 'sound/amb_elements/elm_heli_flyover_int4.wav' not found
Sound file 'sound/amb_elements/elm_heli_flyover_int5.wav' not found
Sound file 'sound/amb_elements/elm_heli_flyover_int6.wav' not found
Sound file 'sound/amb_elements/elm_heli_flyover_int7.wav' not found
Sound file 'sound/amb_elements/elm_horse10.wav' not found
Sound file 'sound/amb_elements/elm_metal1.wav' not found
Sound file 'sound/amb_elements/elm_metal2.wav' not found
Sound file 'sound/amb_elements/elm_metal3.wav' not found
Sound file 'sound/amb_elements/elm_metal4.wav' not found
Sound file 'sound/amb_elements/elm_metal5.wav' not found
Sound file 'sound/amb_elements/elm_metal6.wav' not found
Sound file 'sound/amb_elements/elm_metal7.wav' not found
Sound file 'sound/amb_elements/elm_metal8.wav' not found
Sound file 'sound/amb_elements/elm_metal9.wav' not found
Sound file 'sound/amb_elements/elm_metal10.wav' not found
Sound file 'sound/amb_elements/elm_jet_flyover_int1.wav' not found
Sound file 'sound/amb_elements/elm_jet_flyover_int3.wav' not found
Sound file 'sound/amb_elements/elm_jet_flyover_int4.wav' not found
Sound file 'sound/amb_elements/elm_jet_flyover_int5.wav' not found
Sound file 'sound/amb_elements/elm_jet_flyover_int6.wav' not found
Sound file 'sound/amb_elements/elm_jet_flyover_int11.wav' not found
Sound file 'sound/amb_elements/elm_jet_flyover_int12.wav' not found
Sound file 'sound/amb_elements/elm_jet_flyover_int9.wav' not found
Sound file 'sound/amb_elements/elm_jet_flyover_int10.wav' not found
Sound file 'sound/amb_elements/elm_jet_flyover_int2.wav' not found
Sound file 'sound/amb_elements/elm_jet_flyover_int7.wav' not found
Sound file 'sound/amb_elements/elm_jet_flyover_int8.wav' not found
Sound file 'sound/amb_elements/elm_owl1.wav' not found
Sound file 'sound/amb_elements/elm_owl2.wav' not found
Sound file 'sound/level/sub_earthquake_rumble01.wav' not found
Sound file 'sound/level/sub_earthquake_rumble02.wav' not found
Sound file 'sound/level/sub_earthquake_rumble03.wav' not found
Sound file 'sound/level/sub_earthquake_rumble04.wav' not found
Sound file 'sound/level/sub_earthquake_rumble05.wav' not found
Sound file 'sound/level/sub_earthquake_rumble06.wav' not found
Sound file 'sound/level/sub_earthquake_rumble07.wav' not found
Sound file 'sound/level/sub_earthquake_rumble08.wav' not found
Sound file 'sound/level/sub_earthquake_rumble09.wav' not found
Sound file 'sound/level/sub_earthquake_rumble10.wav' not found
Sound file 'sound/level/sub_earthquake_rumble11.wav' not found
Sound file 'sound/amb_elements/elm_rubble1.wav' not found
Sound file 'sound/amb_elements/elm_rubble2.wav' not found
Sound file 'sound/amb_elements/elm_rubble3.wav' not found
Sound file 'sound/amb_elements/elm_rubble4.wav' not found
Sound file 'sound/amb_elements/elm_rubble5.wav' not found
Sound file 'sound/amb_elements/elm_rubble6.wav' not found
Sound file 'sound/amb_elements/elm_rubble7.wav' not found
Sound file 'sound/amb_elements/elm_rubble8.wav' not found
Sound file 'sound/amb_elements/elm_rubble9.wav' not found
Sound file 'sound/amb_elements/elm_metalstress01.wav' not found
Sound file 'sound/amb_elements/elm_metalstress02.wav' not found
Sound file 'sound/amb_elements/elm_metalstress03.wav' not found
Sound file 'sound/amb_elements/elm_metalstress04.wav' not found
Sound file 'sound/amb_elements/elm_metalstress05.wav' not found
Sound file 'sound/amb_elements/elm_metalstress06.wav' not found
Sound file 'sound/amb_elements/elm_metalstress07.wav' not found
Sound file 'sound/amb_elements/elm_wind_buffet01.wav' not found
Sound file 'sound/amb_elements/elm_wind_buffet02.wav' not found
Sound file 'sound/amb_elements/elm_wind_buffet03.wav' not found
Sound file 'sound/amb_elements/elm_wind_buffet04.wav' not found
Sound file 'sound/amb_elements/elm_wind_buffet05.wav' not found
Sound file 'sound/amb_elements/elm_wind_buffet06.wav' not found
Sound file 'sound/amb_elements/elm_wind_buffet07.wav' not found
Sound file 'sound/amb_elements/elm_wind_buffet08.wav' not found
Sound file 'sound/amb_elements/elm_wind_buffet09.wav' not found
Sound file 'sound/amb_elements/elm_wind_buffet10.wav' not found
Sound file 'sound/amb_elements/elm_wind_buffet11.wav' not found
Sound file 'sound/amb_elements/elm_wind_buffet12.wav' not found
Sound file 'sound/amb_elements/elm_wind_buffet13.wav' not found
Sound file 'sound/amb_elements/elm_wind_buffet14.wav' not found
Sound file 'sound/amb_elements/elm_wind_buffet15.wav' not found
Sound file 'sound/amb_elements/elm_wind_buffet16.wav' not found
Sound file 'sound/amb_elements/elm_wind_leafy_whistle01.wav' not found
Sound file 'sound/amb_elements/elm_wind_leafy_whistle02.wav' not found
Sound file 'sound/amb_elements/elm_wind_leafy_whistle03.wav' not found
Sound file 'sound/amb_elements/elm_wind_leafy_whistle04.wav' not found
Sound file 'sound/amb_elements/elm_wind_leafy_whistle05.wav' not found
Sound file 'sound/amb_elements/elm_wind_leafy_whistle06.wav' not found
Sound file 'sound/amb_elements/elm_wind_leafy_whistle07.wav' not found
Sound file 'sound/amb_elements/elm_wind_leafy_whistle08.wav' not found
Sound file 'sound/amb_elements/elm_wind_leafy_whistle09.wav' not found
Sound file 'sound/amb_elements/elm_wind_leafy_whistle10.wav' not found
Sound file 'sound/amb_elements/elm_wind_leafy_whistle11.wav' not found
Sound file 'sound/amb_elements/elm_wind_leafy_whistle12.wav' not found
Sound file 'sound/amb_elements/elm_wind_leafy_whistle13.wav' not found
Sound file 'sound/amb_elements/elm_wind_leafy_whistle14.wav' not found
Sound file 'sound/amb_elements/elm_wolf1.wav' not found
Sound file 'sound/amb_elements/elm_wolf2.wav' not found
Sound file 'sound/amb_elements/elm_wolf3.wav' not found
Sound file 'sound/amb_elements/elm_wolf4.wav' not found
Sound file 'sound/amb_emitters/emt_fly_loop3.wav' not found
Sound file 'sound/vehicles/kubel_start.wav' not found
Sound file 'sound/music/HGW_ICBM_tension2_v18.mp3' not found
Sound file 'sound/misc/sndbag_snow01.wav' not found
Sound file 'sound/misc/sndbag_snow02.wav' not found
Sound file 'sound/misc/mrk_tank_crashbarrier.wav' not found
Sound file 'sound/misc/mrk_tree_collapse1.wav' not found
Sound file 'sound/vehicles/truck_brakesqueal.wav' not found
Sound file 'sound/misc/truck_through_fence.wav' not found
Sound file 'sound/misc/jeep_skid_stop01.wav' not found
Sound file 'sound/amb_walla/walla_rus_mountain_battle001.wav' not found
Sound file 'sound/amb_walla/walla_rus_mountain_battle002.wav' not found
Sound file 'sound/amb_walla/walla_rus_mountain_battle003.wav' not found
Sound file 'sound/amb_walla/walla_rus_mountain_battle004.wav' not found
Sound file 'sound/amb_walla/walla_rus_mountain_battle005.wav' not found
Sound file 'sound/amb_walla/walla_rus_mountain_battle006.wav' not found
Sound file 'sound/amb_walla/walla_rus_mountain_battle007.wav' not found
Sound file 'sound/amb_walla/walla_rus_mountain_battle008.wav' not found
Sound file 'sound/amb_walla/walla_rus_mountain_battle009.wav' not found
Sound file 'sound/amb_walla/walla_rus_mountain_battle010.wav' not found
Sound file 'sound/amb_walla/walla_rus_mountain_battle011.wav' not found
Sound file 'sound/amb_walla/walla_rus_mountain_battle012.wav' not found
Sound file 'sound/amb_walla/walla_rus_mountain_battle013.wav' not found
Sound file 'sound/amb_walla/walla_rus_mountain_battle014.wav' not found
Sound file 'sound/amb_walla/walla_rus_mountain_battle015.wav' not found
Sound file 'sound/amb_walla/walla_rus_mountain_battle016.wav' not found
Sound file 'sound/amb_walla/walla_rus_mountain_chatter001.wav' not found
Sound file 'sound/amb_walla/walla_rus_mountain_chatter002.wav' not found
Sound file 'sound/amb_walla/walla_rus_mountain_chatter003.wav' not found
Sound file 'sound/amb_walla/walla_rus_mountain_chatter004.wav' not found
Sound file 'sound/amb_walla/walla_rus_mountain_chatter005.wav' not found
Sound file 'sound/amb_walla/walla_rus_mountain_chatter006.wav' not found
Sound file 'sound/amb_walla/walla_rus_mountain_chatter007.wav' not found
Sound file 'sound/amb_walla/walla_rus_mountain_chatter008.wav' not found
Sound file 'sound/amb_walla/walla_rus_mountain_chatter009.wav' not found
Sound file 'sound/amb_walla/walla_rus_mountain_chatter010.wav' not found
Sound file 'sound/amb_walla/walla_rus_mountain_chatter011.wav' not found
Sound file 'sound/amb_walla/walla_rus_mountain_conv001.wav' not found
Sound file 'sound/amb_walla/walla_rus_mountain_conv002.wav' not found
Sound file 'sound/amb_walla/walla_rus_mountain_conv003.wav' not found
Sound file 'sound/amb_walla/walla_rus_mountain_conv004.wav' not found
Sound file 'sound/amb_walla/walla_rus_mountain_conv005.wav' not found
Sound file 'sound/amb_walla/walla_rus_mountain_conv006.wav' not found
Sound file 'sound/amb_walla/walla_rus_mountain_conv007.wav' not found
Sound file 'sound/amb_walla/walla_rus_mountain_conv008.wav' not found
Sound file 'sound/amb_walla/walla_rus_mountain_conv009.wav' not found
Sound file 'sound/amb_walla/walla_rus_mountain_conv010.wav' not found
Sound file 'sound/amb_walla/walla_rus_mountain_conv011.wav' not found
Sound file 'sound/amb_walla/walla_rus_mountain_conv012.wav' not found
Sound file 'sound/amb_walla/walla_rus_mountain_conv013.wav' not found
Sound file 'sound/amb_walla/walla_rus_mountain_conv014.wav' not found
Sound file 'sound/amb_walla/walla_rus_mountain_conv015.wav' not found
Sound file 'sound/amb_walla/walla_rus_mountain_conv016.wav' not found
Sound file 'sound/voiceovers/US/Armada/armada_kaa_6_11.wav' not found
Sound file 'sound/voiceovers/US/Armada/armada_kaa_6_10.wav' not found
Sound file 'sound/voiceovers/US/Armada/armada_kaa_6_12.wav' not found
Sound file 'sound/voiceovers/US/Armada/armada_kaa_6_9.wav' not found
Sound file 'sound/voiceovers/UK/Scoutsniper/scoutsniper_ru1_3_59.wav' not found
Sound file 'sound/voiceovers/UK/Scoutsniper/scoutsniper_ru1_3_60.wav' not found
Sound file 'sound/voiceovers/UK/Scoutsniper/scoutsniper_ru1_3_61.wav' not found
Sound file 'sound/voiceovers/UK/Scoutsniper/scoutsniper_ru1_3_62.wav' not found
Sound file 'sound/voiceovers/UK/Scoutsniper/scoutsniper_ru1_3_63.wav' not found
Sound file 'sound/voiceovers/UK/Scoutsniper/scoutsniper_ru1_3_9.wav' not found
Sound file 'sound/voiceovers/UK/Scoutsniper/scoutsniper_ru1_3_11.wav' not found
Sound file 'sound/voiceovers/UK/Scoutsniper/scoutsniper_ru1_3_19.wav' not found
Sound file 'sound/voiceovers/UK/Scoutsniper/scoutsniper_ru1_3_20.wav' not found
Sound file 'sound/voiceovers/UK/Scoutsniper/scoutsniper_ru1_3_21.wav' not found
Sound file 'sound/voiceovers/UK/Scoutsniper/scoutsniper_ru1_3_5.wav' not found
Sound file 'sound/voiceovers/UK/Scoutsniper/scoutsniper_ru1_3_7.wav' not found
Sound file 'sound/voiceovers/UK/Scoutsniper/scoutsniper_ru1_3_1.wav' not found
Sound file 'sound/voiceovers/UK/Scoutsniper/scoutsniper_ru1_3_3.wav' not found
Sound file 'sound/voiceovers/UK/Scoutsniper/scoutsniper_ru2_3_54.wav' not found
Sound file 'sound/voiceovers/UK/Scoutsniper/scoutsniper_ru2_3_55.wav' not found
Sound file 'sound/voiceovers/UK/Scoutsniper/scoutsniper_ru2_3_56.wav' not found
Sound file 'sound/voiceovers/UK/Scoutsniper/scoutsniper_ru2_3_57.wav' not found
Sound file 'sound/voiceovers/UK/Scoutsniper/scoutsniper_ru2_3_58.wav' not found
Sound file 'sound/voiceovers/UK/Scoutsniper/scoutsniper_ru2_3_31.wav' not found
Sound file 'sound/voiceovers/UK/Scoutsniper/scoutsniper_ru2_3_32.wav' not found
Sound file 'sound/voiceovers/UK/Scoutsniper/scoutsniper_ru2_3_33.wav' not found
Sound file 'sound/voiceovers/UK/Scoutsniper/scoutsniper_ru2_3_10.wav' not found
Sound file 'sound/voiceovers/UK/Scoutsniper/scoutsniper_ru2_3_6.wav' not found
Sound file 'sound/voiceovers/UK/Scoutsniper/scoutsniper_ru2_3_2.wav' not found
Sound file 'sound/voiceovers/UK/Scoutsniper/scoutsniper_ru4_3_8.wav' not found
Sound file 'sound/voiceovers/UK/Scoutsniper/scoutsniper_ru4_3_4.wav' not found
