ERROR: Could not open '../xenon/zone_source/english/assetlist/code_post_gfx.csv'
ERROR: Could not open '../xenon/zone_source/english/assetlist/common.csv'
ERROR: Couldn't find material 'gfx_muzflash2'
	failed loading material 'gfx_muzflash2' for asset 'sp/m1garand' found in source file '../xenon/main_shared/aitype/_ally_nation_localle_uniform_m1garand.csv'
ERROR: Couldn't find material 'gfx_muzflash2a'
	failed loading material 'gfx_muzflash2a' for asset 'sp/m1garand' found in source file '../xenon/main_shared/aitype/_ally_nation_localle_uniform_m1garand.csv'
ERROR: Couldn't find material 'gfx/icons/hud@m1garand.tga'
	failed loading material 'gfx/icons/hud@m1garand.tga' for asset 'sp/m1garand' found in source file '../xenon/main_shared/aitype/_ally_nation_localle_uniform_m1garand.csv'
ERROR: Couldn't find material 'gfx/icons/hud@colt45.tga'
	failed loading material 'gfx/icons/hud@colt45.tga' for asset 'sp/colt' found in source file '../xenon/main_shared/aitype/_ally_nation_localle_uniform_m1garand.csv'
ERROR: Couldn't find material 'terrain_asphalt_road03'
	failed loading material 'wc/terrain_asphalt_road03' for asset 'sp/colt' found in source file '../xenon/main_shared/aitype/_ally_nation_localle_uniform_m1garand.csv'
ERROR: Couldn't find material 'floor_wood_thick_boards'
	failed loading material 'wc/floor_wood_thick_boards' for asset 'sp/colt' found in source file '../xenon/main_shared/aitype/_ally_nation_localle_uniform_m1garand.csv'
ERROR: Couldn't find material 'floor_concrete_plain_grey'
	failed loading material 'wc/floor_concrete_plain_grey' for asset 'sp/colt' found in source file '../xenon/main_shared/aitype/_ally_nation_localle_uniform_m1garand.csv'
ERROR: Couldn't find material 'floor_concrete_spotted'
	failed loading material 'wc/floor_concrete_spotted' for asset 'sp/colt' found in source file '../xenon/main_shared/aitype/_ally_nation_localle_uniform_m1garand.csv'
ERROR: Could not open 'maps/ber1_geo.gsc'
	failed loading 'maps/ber1_geo.gsc' of type 'rawfile' found in source file '../share/zone_source/Ber1_geo.csv'
ERROR: Could not open 'maps/ber1_geo_anim.gsc'
	failed loading 'maps/ber1_geo_anim.gsc' of type 'rawfile' found in source file '../share/zone_source/Ber1_geo.csv'
ERROR: Could not open 'maps/ber1_geo_amb.gsc'
	failed loading 'maps/ber1_geo_amb.gsc' of type 'rawfile' found in source file '../share/zone_source/Ber1_geo.csv'
ERROR: Could not open 'maps/ber1_geo_fx.gsc'
	failed loading 'maps/ber1_geo_fx.gsc' of type 'rawfile' found in source file '../share/zone_source/Ber1_geo.csv'
Localization ERROR: Unable to load "localizedstrings/ber1_geo.str"!
