ERROR: Could not open 'vehicles/cobra_mp'
	failed loading 'vehicles/cobra_mp' of type 'rawfile' found in source file '../share/zone_source/common_mp_vehicles.csv'
ERROR: xanim 'bh_rotors' not found
	failed loading 'bh_rotors' of type 'xanim' found in source file '../share/zone_source/common_mp_vehicles.csv'
ERROR: xmodel 'vehicle_cobra_helicopter_fly' not found
	failed loading xmodel 'vehicle_cobra_helicopter_fly' for asset 'vehicle_cobra_helicopter_fly' found in source file '../share/zone_source/common_mp_vehicles.csv'
	failed loading 'vehicle_cobra_helicopter_fly' of type 'xmodel' found in source file '../share/zone_source/common_mp_vehicles.csv'
ERROR: xmodel 'vehicle_mi24p_hind_desert' not found
	failed loading xmodel 'vehicle_mi24p_hind_desert' for asset 'vehicle_mi24p_hind_desert' found in source file '../share/zone_source/common_mp_vehicles.csv'
	failed loading 'vehicle_mi24p_hind_desert' of type 'xmodel' found in source file '../share/zone_source/common_mp_vehicles.csv'
	failed loading 'mp/cobra_ffar_mp' of type 'weapon' found in source file '../share/zone_source/common_mp_vehicles.csv'
	failed loading 'mp/cobra_20mm_mp' of type 'weapon' found in source file '../share/zone_source/common_mp_vehicles.csv'
ERROR: xmodel 'projectile_hellfire_missile' not found
	failed loading xmodel 'projectile_hellfire_missile' for asset 'projectile_hellfire_missile' found in source file '../share/zone_source/common_mp_vehicles.csv'
	failed loading 'projectile_hellfire_missile' of type 'xmodel' found in source file '../share/zone_source/common_mp_vehicles.csv'
ERROR: xmodel 'projectile_sidewinder_missile' not found
	failed loading xmodel 'projectile_sidewinder_missile' for asset 'projectile_sidewinder_missile' found in source file '../share/zone_source/common_mp_vehicles.csv'
	failed loading 'projectile_sidewinder_missile' of type 'xmodel' found in source file '../share/zone_source/common_mp_vehicles.csv'
fx/explosions/aerial_explosion_large.efx not found
	failed loading 'explosions/aerial_explosion_large' of type 'fx' found in source file '../share/zone_source/common_mp_vehicles.csv'
fx/explosions/helicopter_explosion_cobra.efx not found
	failed loading 'explosions/helicopter_explosion_cobra' of type 'fx' found in source file '../share/zone_source/common_mp_vehicles.csv'
fx/explosions/aerial_explosion.efx not found
	failed loading 'explosions/aerial_explosion' of type 'fx' found in source file '../share/zone_source/common_mp_vehicles.csv'
fx/smoke/smoke_trail_black_heli.efx not found
	failed loading 'smoke/smoke_trail_black_heli' of type 'fx' found in source file '../share/zone_source/common_mp_vehicles.csv'
fx/smoke/smoke_trail_white_heli.efx not found
	failed loading 'smoke/smoke_trail_white_heli' of type 'fx' found in source file '../share/zone_source/common_mp_vehicles.csv'
fx/fire/fire_smoke_trail_l.efx not found
	failed loading 'fire/fire_smoke_trail_l' of type 'fx' found in source file '../share/zone_source/common_mp_vehicles.csv'
ERROR: xmodel 'vehicle_mig29_desert' not found
	failed loading xmodel 'vehicle_mig29_desert' for asset 'vehicle_mig29_desert' found in source file '../share/zone_source/common_mp_vehicles.csv'
	failed loading 'vehicle_mig29_desert' of type 'xmodel' found in source file '../share/zone_source/common_mp_vehicles.csv'
fx/fire/jet_afterburner.efx not found
	failed loading 'fire/jet_afterburner' of type 'fx' found in source file '../share/zone_source/common_mp_vehicles.csv'
fx/smoke/jet_contrail.efx not found
	failed loading 'smoke/jet_contrail' of type 'fx' found in source file '../share/zone_source/common_mp_vehicles.csv'
	failed loading 'mp/location_selector_mp' of type 'weapon' found in source file '../share/zone_source/common_mp_gametypespecific.csv'
ERROR: xmodel 'prop_flag_neutral' not found
	failed loading xmodel 'prop_flag_neutral' for asset 'prop_flag_neutral' found in source file '../share/zone_source/common_mp_gametypespecific.csv'
	failed loading 'prop_flag_neutral' of type 'xmodel' found in source file '../share/zone_source/common_mp_gametypespecific.csv'
ERROR: xmodel 'prop_flag_american' not found
	failed loading xmodel 'prop_flag_american' for asset 'prop_flag_american' found in source file '../share/zone_source/common_mp_gametypespecific.csv'
	failed loading 'prop_flag_american' of type 'xmodel' found in source file '../share/zone_source/common_mp_gametypespecific.csv'
ERROR: xmodel 'prop_flag_opfor' not found
	failed loading xmodel 'prop_flag_opfor' for asset 'prop_flag_opfor' found in source file '../share/zone_source/common_mp_gametypespecific.csv'
	failed loading 'prop_flag_opfor' of type 'xmodel' found in source file '../share/zone_source/common_mp_gametypespecific.csv'
ERROR: xmodel 'vehicle_slamraam_launcher' not found
	failed loading xmodel 'vehicle_slamraam_launcher' for asset 'vehicle_slamraam_launcher' found in source file '../share/zone_source/common_mp_gametypespecific.csv'
	failed loading 'vehicle_slamraam_launcher' of type 'xmodel' found in source file '../share/zone_source/common_mp_gametypespecific.csv'
ERROR: xmodel 'vehicle_slamraam_missiles' not found
	failed loading xmodel 'vehicle_slamraam_missiles' for asset 'vehicle_slamraam_missiles' found in source file '../share/zone_source/common_mp_gametypespecific.csv'
	failed loading 'vehicle_slamraam_missiles' of type 'xmodel' found in source file '../share/zone_source/common_mp_gametypespecific.csv'
ERROR: xmodel 'vehicle_slamraam_base' not found
	failed loading xmodel 'vehicle_slamraam_base' for asset 'vehicle_slamraam_base' found in source file '../share/zone_source/common_mp_gametypespecific.csv'
	failed loading 'vehicle_slamraam_base' of type 'xmodel' found in source file '../share/zone_source/common_mp_gametypespecific.csv'
ERROR: xmodel 'mil_tntbomb_mp' not found
	failed loading xmodel 'mil_tntbomb_mp' for asset 'mil_tntbomb_mp' found in source file '../share/zone_source/common_mp_gametypespecific.csv'
	failed loading 'mil_tntbomb_mp' of type 'xmodel' found in source file '../share/zone_source/common_mp_gametypespecific.csv'
