	failed loading 'mp/skorpion_mp' of type 'weapon' found in source file '../share/zone_source/common_mp_weapons.csv'
	failed loading 'mp/mp5_mp' of type 'weapon' found in source file '../share/zone_source/common_mp_weapons.csv'
	failed loading 'mp/m16_mp' of type 'weapon' found in source file '../share/zone_source/common_mp_weapons.csv'
	failed loading 'mp/m16_m203_mp' of type 'weapon' found in source file '../share/zone_source/common_mp_weapons.csv'
	failed loading 'mp/m203_mp' of type 'weapon' found in source file '../share/zone_source/common_mp_weapons.csv'
	failed loading 'mp/m40a3_mp' of type 'weapon' found in source file '../share/zone_source/common_mp_weapons.csv'
	failed loading 'mp/m4_mp' of type 'weapon' found in source file '../share/zone_source/common_mp_weapons.csv'
	failed loading 'mp/saw_mp' of type 'weapon' found in source file '../share/zone_source/common_mp_weapons.csv'
	failed loading 'mp/uzi_mp' of type 'weapon' found in source file '../share/zone_source/common_mp_weapons.csv'
	failed loading 'mp/ak47_mp' of type 'weapon' found in source file '../share/zone_source/common_mp_weapons.csv'
	failed loading 'mp/ak47_gp25_mp' of type 'weapon' found in source file '../share/zone_source/common_mp_weapons.csv'
	failed loading 'mp/gp25_mp' of type 'weapon' found in source file '../share/zone_source/common_mp_weapons.csv'
	failed loading 'mp/dragunov_mp' of type 'weapon' found in source file '../share/zone_source/common_mp_weapons.csv'
	failed loading 'mp/ak74u_mp' of type 'weapon' found in source file '../share/zone_source/common_mp_weapons.csv'
	failed loading 'mp/rpd_mp' of type 'weapon' found in source file '../share/zone_source/common_mp_weapons.csv'
	failed loading 'mp/c4_mp' of type 'weapon' found in source file '../share/zone_source/common_mp_weapons.csv'
	failed loading 'mp/concussion_grenade_mp' of type 'weapon' found in source file '../share/zone_source/common_mp_weapons.csv'
	failed loading 'mp/flash_grenade_mp' of type 'weapon' found in source file '../share/zone_source/common_mp_weapons.csv'
	failed loading 'mp/claymore_mp' of type 'weapon' found in source file '../share/zone_source/common_mp_weapons.csv'
	failed loading 'mp/usp_mp' of type 'weapon' found in source file '../share/zone_source/common_mp_weapons.csv'
	failed loading 'mp/beretta_mp' of type 'weapon' found in source file '../share/zone_source/common_mp_weapons.csv'
	failed loading 'mp/frag_grenade_mp' of type 'weapon' found in source file '../share/zone_source/common_mp_weapons.csv'
	failed loading 'mp/g36c_mp' of type 'weapon' found in source file '../share/zone_source/common_mp_weapons.csv'
	failed loading 'mp/m14_scoped_mp' of type 'weapon' found in source file '../share/zone_source/common_mp_weapons.csv'
	failed loading 'mp/barrett_mp' of type 'weapon' found in source file '../share/zone_source/common_mp_weapons.csv'
	failed loading 'mp/winchester1200_mp' of type 'weapon' found in source file '../share/zone_source/common_mp_weapons.csv'
	failed loading 'mp/m60e4_mp' of type 'weapon' found in source file '../share/zone_source/common_mp_weapons.csv'
	failed loading 'mp/g3_mp' of type 'weapon' found in source file '../share/zone_source/common_mp_weapons.csv'
	failed loading 'mp/remington700_mp' of type 'weapon' found in source file '../share/zone_source/common_mp_weapons.csv'
	failed loading 'mp/aw50_mp' of type 'weapon' found in source file '../share/zone_source/common_mp_weapons.csv'
	failed loading 'mp/rpg_mp' of type 'weapon' found in source file '../share/zone_source/common_mp_weapons.csv'
	failed loading 'mp/smoke_grenade_mp' of type 'weapon' found in source file '../share/zone_source/common_mp_weapons.csv'
	failed loading 'mp/m4_m203_mp' of type 'weapon' found in source file '../share/zone_source/common_mp_weapons.csv'
	failed loading 'mp/m203_m4_mp' of type 'weapon' found in source file '../share/zone_source/common_mp_weapons.csv'
	failed loading 'mp/m1014_mp' of type 'weapon' found in source file '../share/zone_source/common_mp_weapons.csv'
	failed loading 'mp/at4_mp' of type 'weapon' found in source file '../share/zone_source/common_mp_weapons.csv'
	failed loading 'mp/g36c_m203_mp' of type 'weapon' found in source file '../share/zone_source/common_mp_weapons.csv'
	failed loading 'mp/g3_m203_mp' of type 'weapon' found in source file '../share/zone_source/common_mp_weapons.csv'
	failed loading 'mp/deserteagle_mp' of type 'weapon' found in source file '../share/zone_source/common_mp_weapons.csv'
	failed loading 'mp/colt45_mp' of type 'weapon' found in source file '../share/zone_source/common_mp_weapons.csv'
ERROR: Couldn't find material 'gfx_thompson_stage1'
	failed loading material 'gfx_thompson_stage1' for asset 'muzzleflashes/tiger_flash' found in source file '../share/zone_source/common_mp_weapons.csv'
ERROR: Couldn't find material 'gfx_distortion_ring_light'
	failed loading material 'gfx_distortion_ring_light' for asset 'muzzleflashes/tiger_flash' found in source file '../share/zone_source/common_mp_weapons.csv'
ERROR: Couldn't find material 'gfx_distortion_ring_heavy'
	failed loading material 'gfx_distortion_ring_heavy' for asset 'muzzleflashes/tiger_flash' found in source file '../share/zone_source/common_mp_weapons.csv'
	failed loading 'mp/brick_blaster_mp' of type 'weapon' found in source file '../share/zone_source/common_mp_weapons.csv'
	failed loading 'mp/artillery_mp' of type 'weapon' found in source file '../share/zone_source/common_mp_weapons.csv'
ERROR: xmodel 'weapon_ak47_clip' not found
	failed loading xmodel 'weapon_ak47_clip' for asset 'shellejects/clip_ak47' found in source file '../share/zone_source/common_mp_weapons.csv'
	failed loading 'weapon_ak47_clip' of type 'xmodel' found in source file '../share/zone_source/common_mp_weapons.csv'
	failed loading 'shellejects/clip_ak47' of type 'fx' found in source file '../share/zone_source/common_mp_weapons.csv'
ERROR: xmodel 'weapon_ak74u_clip' not found
	failed loading xmodel 'weapon_ak74u_clip' for asset 'shellejects/clip_ak74u' found in source file '../share/zone_source/common_mp_weapons.csv'
	failed loading 'weapon_ak74u_clip' of type 'xmodel' found in source file '../share/zone_source/common_mp_weapons.csv'
	failed loading 'shellejects/clip_ak74u' of type 'fx' found in source file '../share/zone_source/common_mp_weapons.csv'
ERROR: xmodel 'weapon_dragunov_clip' not found
	failed loading xmodel 'weapon_dragunov_clip' for asset 'shellejects/clip_dragunov' found in source file '../share/zone_source/common_mp_weapons.csv'
	failed loading 'weapon_dragunov_clip' of type 'xmodel' found in source file '../share/zone_source/common_mp_weapons.csv'
	failed loading 'shellejects/clip_dragunov' of type 'fx' found in source file '../share/zone_source/common_mp_weapons.csv'
ERROR: xmodel 'weapon_g3_clip' not found
	failed loading xmodel 'weapon_g3_clip' for asset 'shellejects/clip_g3' found in source file '../share/zone_source/common_mp_weapons.csv'
	failed loading 'weapon_g3_clip' of type 'xmodel' found in source file '../share/zone_source/common_mp_weapons.csv'
	failed loading 'shellejects/clip_g3' of type 'fx' found in source file '../share/zone_source/common_mp_weapons.csv'
ERROR: xmodel 'weapon_g36_clip' not found
	failed loading xmodel 'weapon_g36_clip' for asset 'shellejects/clip_g36' found in source file '../share/zone_source/common_mp_weapons.csv'
	failed loading 'weapon_g36_clip' of type 'xmodel' found in source file '../share/zone_source/common_mp_weapons.csv'
	failed loading 'shellejects/clip_g36' of type 'fx' found in source file '../share/zone_source/common_mp_weapons.csv'
ERROR: xmodel 'weapon_m14_clip' not found
	failed loading xmodel 'weapon_m14_clip' for asset 'shellejects/clip_m14' found in source file '../share/zone_source/common_mp_weapons.csv'
	failed loading 'weapon_m14_clip' of type 'xmodel' found in source file '../share/zone_source/common_mp_weapons.csv'
	failed loading 'shellejects/clip_m14' of type 'fx' found in source file '../share/zone_source/common_mp_weapons.csv'
ERROR: xmodel 'weapon_m16_clip' not found
	failed loading xmodel 'weapon_m16_clip' for asset 'shellejects/clip_m16' found in source file '../share/zone_source/common_mp_weapons.csv'
	failed loading 'weapon_m16_clip' of type 'xmodel' found in source file '../share/zone_source/common_mp_weapons.csv'
	failed loading 'shellejects/clip_m16' of type 'fx' found in source file '../share/zone_source/common_mp_weapons.csv'
ERROR: xmodel 'weapon_mp5_clip' not found
	failed loading xmodel 'weapon_mp5_clip' for asset 'shellejects/clip_mp5' found in source file '../share/zone_source/common_mp_weapons.csv'
	failed loading 'weapon_mp5_clip' of type 'xmodel' found in source file '../share/zone_source/common_mp_weapons.csv'
	failed loading 'shellejects/clip_mp5' of type 'fx' found in source file '../share/zone_source/common_mp_weapons.csv'
ERROR: xmodel 'weapon_saw_clip' not found
	failed loading xmodel 'weapon_saw_clip' for asset 'shellejects/clip_saw' found in source file '../share/zone_source/common_mp_weapons.csv'
	failed loading 'weapon_saw_clip' of type 'xmodel' found in source file '../share/zone_source/common_mp_weapons.csv'
	failed loading 'shellejects/clip_saw' of type 'fx' found in source file '../share/zone_source/common_mp_weapons.csv'
ERROR: xmodel 'viewmodel_nvg' not found
	failed loading xmodel 'viewmodel_nvg' for asset 'viewmodel_nvg' found in source file '../share/zone_source/common_mp_weapons.csv'
	failed loading 'viewmodel_nvg' of type 'xmodel' found in source file '../share/zone_source/common_mp_weapons.csv'
ERROR: xmodel 'viewhands_op_force' not found
	failed loading xmodel 'viewhands_op_force' for asset 'viewhands_op_force' found in source file '../share/zone_source/common_mp_weapons.csv'
	failed loading 'viewhands_op_force' of type 'xmodel' found in source file '../share/zone_source/common_mp_weapons.csv'
ERROR: xmodel 'viewhands_usmc' not found
	failed loading xmodel 'viewhands_usmc' for asset 'viewhands_usmc' found in source file '../share/zone_source/common_mp_weapons.csv'
	failed loading 'viewhands_usmc' of type 'xmodel' found in source file '../share/zone_source/common_mp_weapons.csv'
