ERROR: Couldn't find material 'weapon_m9beretta'
	failed loading material 'weapon_m9beretta' for asset 'ui_mp/scriptmenus/changeclass_splitscreen.menu' found in source file '../share/zone_source/common_mp_ingameui.csv'
ERROR: Couldn't find material 'weapon_fraggrenade'
	failed loading material 'weapon_fraggrenade' for asset 'ui_mp/scriptmenus/changeclass_splitscreen.menu' found in source file '../share/zone_source/common_mp_ingameui.csv'
ERROR: Couldn't find material 'weapon_m16a4'
	failed loading material 'weapon_m16a4' for asset 'ui_mp/scriptmenus/changeclass_splitscreen.menu' found in source file '../share/zone_source/common_mp_ingameui.csv'
ERROR: Couldn't find material 'weapon_m203'
	failed loading material 'weapon_m203' for asset 'ui_mp/scriptmenus/changeclass_splitscreen.menu' found in source file '../share/zone_source/common_mp_ingameui.csv'
ERROR: Couldn't find material 'weapon_smokegrenade'
	failed loading material 'weapon_smokegrenade' for asset 'ui_mp/scriptmenus/changeclass_splitscreen.menu' found in source file '../share/zone_source/common_mp_ingameui.csv'
ERROR: Couldn't find material 'weapon_mp5'
	failed loading material 'weapon_mp5' for asset 'ui_mp/scriptmenus/changeclass_splitscreen.menu' found in source file '../share/zone_source/common_mp_ingameui.csv'
ERROR: Couldn't find material 'weapon_flashbang'
	failed loading material 'weapon_flashbang' for asset 'ui_mp/scriptmenus/changeclass_splitscreen.menu' found in source file '../share/zone_source/common_mp_ingameui.csv'
ERROR: Couldn't find material 'weapon_c4'
	failed loading material 'weapon_c4' for asset 'ui_mp/scriptmenus/changeclass_splitscreen.menu' found in source file '../share/zone_source/common_mp_ingameui.csv'
ERROR: Couldn't find material 'weapon_m249saw'
	failed loading material 'weapon_m249saw' for asset 'ui_mp/scriptmenus/changeclass_splitscreen.menu' found in source file '../share/zone_source/common_mp_ingameui.csv'
ERROR: Couldn't find material 'weapon_claymore'
	failed loading material 'weapon_claymore' for asset 'ui_mp/scriptmenus/changeclass_splitscreen.menu' found in source file '../share/zone_source/common_mp_ingameui.csv'
ERROR: Couldn't find material 'weapon_winchester1200'
	failed loading material 'weapon_winchester1200' for asset 'ui_mp/scriptmenus/changeclass_splitscreen.menu' found in source file '../share/zone_source/common_mp_ingameui.csv'
ERROR: Couldn't find material 'weapon_concgrenade'
	failed loading material 'weapon_concgrenade' for asset 'ui_mp/scriptmenus/changeclass_splitscreen.menu' found in source file '../share/zone_source/common_mp_ingameui.csv'
ERROR: Couldn't find material 'weapon_at4'
	failed loading material 'weapon_at4' for asset 'ui_mp/scriptmenus/changeclass_splitscreen.menu' found in source file '../share/zone_source/common_mp_ingameui.csv'
ERROR: Couldn't find material 'weapon_m14_scoped'
	failed loading material 'weapon_m14_scoped' for asset 'ui_mp/scriptmenus/changeclass_splitscreen.menu' found in source file '../share/zone_source/common_mp_ingameui.csv'
