ERROR: Couldn't find material 'gfx_distortion_ring_light'
	failed loading material 'gfx_distortion_ring_light' for asset 'distortion/distortion_tank_muzzleflash' found in source file '../share/zone_source/common_mp_fx.csv'
ERROR: Couldn't find material 'gfx_distortion_ring_heavy'
	failed loading material 'gfx_distortion_ring_heavy' for asset 'distortion/distortion_tank_muzzleflash' found in source file '../share/zone_source/common_mp_fx.csv'
ERROR: xmodel 'fx_me_brick_01' not found
	failed loading xmodel 'fx_me_brick_01' for asset 'breakables/exp_wall_cinderblock_96' found in source file '../share/zone_source/common_mp_fx.csv'
	failed loading 'fx_me_brick_01' of type 'xmodel' found in source file '../share/zone_source/common_mp_fx.csv'
	failed loading 'breakables/exp_wall_cinderblock_96' of type 'fx' found in source file '../share/zone_source/common_mp_fx.csv'
ERROR: Couldn't find material 'gfx_fire_atlas'
	failed loading material 'gfx_fire_atlas' for asset 'fire/tank_fire_engine' found in source file '../share/zone_source/common_mp_fx.csv'
ERROR: Couldn't find material 'gfx_insect_fly'
	failed loading material 'gfx_insect_fly' for asset 'misc/insects_carcass_flies' found in source file '../share/zone_source/common_mp_fx.csv'
ERROR: Couldn't find material 'gfx_fire_patch_ember_bga'
	failed loading material 'gfx_fire_patch_ember_bga' for asset 'props/barrel_fire' found in source file '../share/zone_source/common_mp_fx.csv'
ERROR: Couldn't find material 'gfx_fire_ball_atlas'
	failed loading material 'gfx_fire_ball_atlas' for asset 'props/barrelexp' found in source file '../share/zone_source/common_mp_fx.csv'
ERROR: Couldn't find material 'gfx_fire_roar_pm'
	failed loading material 'gfx_fire_roar_pm' for asset 'props/barrelexp' found in source file '../share/zone_source/common_mp_fx.csv'
ERROR: Couldn't find material 'gfx_explosion_flash_atlas'
	failed loading material 'gfx_explosion_flash_atlas' for asset 'props/barrelexp' found in source file '../share/zone_source/common_mp_fx.csv'
ERROR: Couldn't find material 'gfx_flare_clr_a'
	failed loading material 'gfx_flare_clr_a' for asset 'props/barrelexp' found in source file '../share/zone_source/common_mp_fx.csv'
ERROR: Couldn't find material 'gfx_spark_field'
	failed loading material 'gfx_spark_field' for asset 'props/barrelexp' found in source file '../share/zone_source/common_mp_fx.csv'
ERROR: Couldn't find material 'gfx_sun_flare_toujane'
	failed loading material 'gfx_sun_flare_toujane' for asset 'props/glow_latern' found in source file '../share/zone_source/common_mp_fx.csv'
ERROR: xmodel 'fx_rock_small' not found
	failed loading xmodel 'fx_rock_small' for asset 'explosions/artilleryexp_dirt_brown' found in source file '../share/zone_source/common_mp_fx.csv'
	failed loading 'fx_rock_small' of type 'xmodel' found in source file '../share/zone_source/common_mp_fx.csv'
	failed loading 'explosions/artilleryexp_dirt_brown' of type 'fx' found in source file '../share/zone_source/common_mp_fx.csv'
fx/explosions/wall_explosion_pm_a.efx not found
	failed loading 'explosions/wall_explosion_pm_a' of type 'fx' found in source file '../share/zone_source/common_mp_fx.csv'
fx/explosions/clusterbomb.efx not found
	failed loading 'explosions/clusterbomb' of type 'fx' found in source file '../share/zone_source/common_mp_fx.csv'
ERROR: xmodel 'projectile_cbu97_clusterbomb' not found
	failed loading xmodel 'projectile_cbu97_clusterbomb' for asset 'projectile_cbu97_clusterbomb' found in source file '../share/zone_source/common_mp_fx.csv'
	failed loading 'projectile_cbu97_clusterbomb' of type 'xmodel' found in source file '../share/zone_source/common_mp_fx.csv'
