ERROR: Couldn't find material 'headicon_tag_it'
	failed loading 'headicon_tag_it' of type 'material' found in source file '../share/zone_source/common_mp_materials.csv'
ERROR: Couldn't find material 'overlay_tag_it'
	failed loading 'overlay_tag_it' of type 'material' found in source file '../share/zone_source/common_mp_materials.csv'
ERROR: Couldn't find material 'waypoint_airstrike_white'
	failed loading 'waypoint_airstrike_white' of type 'material' found in source file '../share/zone_source/common_mp_materials.csv'
ERROR: Couldn't find material 'waypoint_airstrike_red'
	failed loading 'waypoint_airstrike_red' of type 'material' found in source file '../share/zone_source/common_mp_materials.csv'
ERROR: Couldn't find material 'waypoint_airstrike_green'
	failed loading 'waypoint_airstrike_green' of type 'material' found in source file '../share/zone_source/common_mp_materials.csv'
ERROR: Couldn't find material 'waypoint_radar_white'
	failed loading 'waypoint_radar_white' of type 'material' found in source file '../share/zone_source/common_mp_materials.csv'
ERROR: Couldn't find material 'waypoint_radar_red'
	failed loading 'waypoint_radar_red' of type 'material' found in source file '../share/zone_source/common_mp_materials.csv'
ERROR: Couldn't find material 'waypoint_radar_green'
	failed loading 'waypoint_radar_green' of type 'material' found in source file '../share/zone_source/common_mp_materials.csv'
ERROR: Couldn't find material 'waypoint_heli_white'
	failed loading 'waypoint_heli_white' of type 'material' found in source file '../share/zone_source/common_mp_materials.csv'
ERROR: Couldn't find material 'waypoint_heli_green'
	failed loading 'waypoint_heli_green' of type 'material' found in source file '../share/zone_source/common_mp_materials.csv'
ERROR: Couldn't find material 'waypoint_heli_red'
	failed loading 'waypoint_heli_red' of type 'material' found in source file '../share/zone_source/common_mp_materials.csv'
ERROR: Couldn't find material 'compass_objpoint_airstrike'
	failed loading 'compass_objpoint_airstrike' of type 'material' found in source file '../share/zone_source/common_mp_materials.csv'
ERROR: Couldn't find material 'compass_objpoint_airstrike_busy'
	failed loading 'compass_objpoint_airstrike_busy' of type 'material' found in source file '../share/zone_source/common_mp_materials.csv'
ERROR: Couldn't find material 'compass_objpoint_airstrike_friendly'
	failed loading 'compass_objpoint_airstrike_friendly' of type 'material' found in source file '../share/zone_source/common_mp_materials.csv'
ERROR: Couldn't find material 'compass_objpoint_helicopter'
	failed loading 'compass_objpoint_helicopter' of type 'material' found in source file '../share/zone_source/common_mp_materials.csv'
ERROR: Couldn't find material 'compass_objpoint_helicopter_busy'
	failed loading 'compass_objpoint_helicopter_busy' of type 'material' found in source file '../share/zone_source/common_mp_materials.csv'
ERROR: Couldn't find material 'compass_objpoint_helicopter_friendly'
	failed loading 'compass_objpoint_helicopter_friendly' of type 'material' found in source file '../share/zone_source/common_mp_materials.csv'
ERROR: Couldn't find material 'hud_icon_nvg'
	failed loading 'hud_icon_nvg' of type 'material' found in source file '../share/zone_source/common_mp_materials.csv'
