ERROR: Couldn't find material 'gfx_distortion_ring_light'
	failed loading material 'gfx_distortion_ring_light' for asset 'distortion/distortion_tank_muzzleflash' found in source file '../share/zone_source/common_mp_fx.csv'
ERROR: Couldn't find material 'gfx_distortion_ring_heavy'
	failed loading material 'gfx_distortion_ring_heavy' for asset 'distortion/distortion_tank_muzzleflash' found in source file '../share/zone_source/common_mp_fx.csv'
ERROR: xmodel 'fx_me_brick_01' not found
	failed loading xmodel 'fx_me_brick_01' for asset 'breakables/exp_wall_cinderblock_96' found in source file '../share/zone_source/common_mp_fx.csv'
	failed loading 'fx_me_brick_01' of type 'xmodel' found in source file '../share/zone_source/common_mp_fx.csv'
	failed loading 'breakables/exp_wall_cinderblock_96' of type 'fx' found in source file '../share/zone_source/common_mp_fx.csv'
ERROR: Couldn't find material 'gfx_fire_atlas'
	failed loading material 'gfx_fire_atlas' for asset 'fire/tank_fire_engine' found in source file '../share/zone_source/common_mp_fx.csv'
ERROR: Couldn't find material 'gfx_insect_fly'
	failed loading material 'gfx_insect_fly' for asset 'misc/insects_carcass_flies' found in source file '../share/zone_source/common_mp_fx.csv'
ERROR: Couldn't find material 'gfx_fire_patch_ember_bga'
	failed loading material 'gfx_fire_patch_ember_bga' for asset 'props/barrel_fire' found in source file '../share/zone_source/common_mp_fx.csv'
ERROR: Couldn't find material 'gfx_fire_ball_atlas'
	failed loading material 'gfx_fire_ball_atlas' for asset 'props/barrelexp' found in source file '../share/zone_source/common_mp_fx.csv'
ERROR: Couldn't find material 'gfx_fire_roar_pm'
	failed loading material 'gfx_fire_roar_pm' for asset 'props/barrelexp' found in source file '../share/zone_source/common_mp_fx.csv'
ERROR: Couldn't find material 'gfx_explosion_flash_atlas'
	failed loading material 'gfx_explosion_flash_atlas' for asset 'props/barrelexp' found in source file '../share/zone_source/common_mp_fx.csv'
ERROR: Couldn't find material 'gfx_flare_clr_a'
	failed loading material 'gfx_flare_clr_a' for asset 'props/barrelexp' found in source file '../share/zone_source/common_mp_fx.csv'
ERROR: Couldn't find material 'gfx_spark_field'
	failed loading material 'gfx_spark_field' for asset 'props/barrelexp' found in source file '../share/zone_source/common_mp_fx.csv'
ERROR: Couldn't find material 'gfx_sun_flare_toujane'
	failed loading material 'gfx_sun_flare_toujane' for asset 'props/glow_latern' found in source file '../share/zone_source/common_mp_fx.csv'
ERROR: xmodel 'fx_rock_small' not found
	failed loading xmodel 'fx_rock_small' for asset 'explosions/artilleryexp_dirt_brown' found in source file '../share/zone_source/common_mp_fx.csv'
	failed loading 'fx_rock_small' of type 'xmodel' found in source file '../share/zone_source/common_mp_fx.csv'
	failed loading 'explosions/artilleryexp_dirt_brown' of type 'fx' found in source file '../share/zone_source/common_mp_fx.csv'
fx/explosions/wall_explosion_pm_a.efx not found
	failed loading 'explosions/wall_explosion_pm_a' of type 'fx' found in source file '../share/zone_source/common_mp_fx.csv'
fx/explosions/clusterbomb.efx not found
	failed loading 'explosions/clusterbomb' of type 'fx' found in source file '../share/zone_source/common_mp_fx.csv'
ERROR: xmodel 'projectile_cbu97_clusterbomb' not found
	failed loading xmodel 'projectile_cbu97_clusterbomb' for asset 'projectile_cbu97_clusterbomb' found in source file '../share/zone_source/common_mp_fx.csv'
	failed loading 'projectile_cbu97_clusterbomb' of type 'xmodel' found in source file '../share/zone_source/common_mp_fx.csv'
	failed loading 'mp/skorpion_mp' of type 'weapon' found in source file '../share/zone_source/common_mp_weapons.csv'
	failed loading 'mp/mp5_mp' of type 'weapon' found in source file '../share/zone_source/common_mp_weapons.csv'
	failed loading 'mp/m16_mp' of type 'weapon' found in source file '../share/zone_source/common_mp_weapons.csv'
	failed loading 'mp/m16_m203_mp' of type 'weapon' found in source file '../share/zone_source/common_mp_weapons.csv'
	failed loading 'mp/m203_mp' of type 'weapon' found in source file '../share/zone_source/common_mp_weapons.csv'
	failed loading 'mp/m40a3_mp' of type 'weapon' found in source file '../share/zone_source/common_mp_weapons.csv'
	failed loading 'mp/m4_mp' of type 'weapon' found in source file '../share/zone_source/common_mp_weapons.csv'
	failed loading 'mp/saw_mp' of type 'weapon' found in source file '../share/zone_source/common_mp_weapons.csv'
	failed loading 'mp/uzi_mp' of type 'weapon' found in source file '../share/zone_source/common_mp_weapons.csv'
	failed loading 'mp/ak47_mp' of type 'weapon' found in source file '../share/zone_source/common_mp_weapons.csv'
	failed loading 'mp/ak47_gp25_mp' of type 'weapon' found in source file '../share/zone_source/common_mp_weapons.csv'
	failed loading 'mp/gp25_mp' of type 'weapon' found in source file '../share/zone_source/common_mp_weapons.csv'
	failed loading 'mp/dragunov_mp' of type 'weapon' found in source file '../share/zone_source/common_mp_weapons.csv'
	failed loading 'mp/ak74u_mp' of type 'weapon' found in source file '../share/zone_source/common_mp_weapons.csv'
	failed loading 'mp/rpd_mp' of type 'weapon' found in source file '../share/zone_source/common_mp_weapons.csv'
	failed loading 'mp/c4_mp' of type 'weapon' found in source file '../share/zone_source/common_mp_weapons.csv'
	failed loading 'mp/concussion_grenade_mp' of type 'weapon' found in source file '../share/zone_source/common_mp_weapons.csv'
	failed loading 'mp/flash_grenade_mp' of type 'weapon' found in source file '../share/zone_source/common_mp_weapons.csv'
	failed loading 'mp/claymore_mp' of type 'weapon' found in source file '../share/zone_source/common_mp_weapons.csv'
	failed loading 'mp/usp_mp' of type 'weapon' found in source file '../share/zone_source/common_mp_weapons.csv'
	failed loading 'mp/beretta_mp' of type 'weapon' found in source file '../share/zone_source/common_mp_weapons.csv'
	failed loading 'mp/frag_grenade_mp' of type 'weapon' found in source file '../share/zone_source/common_mp_weapons.csv'
	failed loading 'mp/g36c_mp' of type 'weapon' found in source file '../share/zone_source/common_mp_weapons.csv'
	failed loading 'mp/m14_scoped_mp' of type 'weapon' found in source file '../share/zone_source/common_mp_weapons.csv'
	failed loading 'mp/barrett_mp' of type 'weapon' found in source file '../share/zone_source/common_mp_weapons.csv'
	failed loading 'mp/winchester1200_mp' of type 'weapon' found in source file '../share/zone_source/common_mp_weapons.csv'
	failed loading 'mp/m60e4_mp' of type 'weapon' found in source file '../share/zone_source/common_mp_weapons.csv'
	failed loading 'mp/g3_mp' of type 'weapon' found in source file '../share/zone_source/common_mp_weapons.csv'
	failed loading 'mp/remington700_mp' of type 'weapon' found in source file '../share/zone_source/common_mp_weapons.csv'
	failed loading 'mp/aw50_mp' of type 'weapon' found in source file '../share/zone_source/common_mp_weapons.csv'
	failed loading 'mp/rpg_mp' of type 'weapon' found in source file '../share/zone_source/common_mp_weapons.csv'
	failed loading 'mp/smoke_grenade_mp' of type 'weapon' found in source file '../share/zone_source/common_mp_weapons.csv'
	failed loading 'mp/m4_m203_mp' of type 'weapon' found in source file '../share/zone_source/common_mp_weapons.csv'
	failed loading 'mp/m203_m4_mp' of type 'weapon' found in source file '../share/zone_source/common_mp_weapons.csv'
	failed loading 'mp/m1014_mp' of type 'weapon' found in source file '../share/zone_source/common_mp_weapons.csv'
	failed loading 'mp/at4_mp' of type 'weapon' found in source file '../share/zone_source/common_mp_weapons.csv'
	failed loading 'mp/g36c_m203_mp' of type 'weapon' found in source file '../share/zone_source/common_mp_weapons.csv'
	failed loading 'mp/g3_m203_mp' of type 'weapon' found in source file '../share/zone_source/common_mp_weapons.csv'
	failed loading 'mp/deserteagle_mp' of type 'weapon' found in source file '../share/zone_source/common_mp_weapons.csv'
	failed loading 'mp/colt45_mp' of type 'weapon' found in source file '../share/zone_source/common_mp_weapons.csv'
ERROR: Couldn't find material 'gfx_thompson_stage1'
	failed loading material 'gfx_thompson_stage1' for asset 'muzzleflashes/tiger_flash' found in source file '../share/zone_source/common_mp_weapons.csv'
	failed loading 'mp/brick_blaster_mp' of type 'weapon' found in source file '../share/zone_source/common_mp_weapons.csv'
	failed loading 'mp/artillery_mp' of type 'weapon' found in source file '../share/zone_source/common_mp_weapons.csv'
ERROR: xmodel 'weapon_ak47_clip' not found
	failed loading xmodel 'weapon_ak47_clip' for asset 'shellejects/clip_ak47' found in source file '../share/zone_source/common_mp_weapons.csv'
	failed loading 'weapon_ak47_clip' of type 'xmodel' found in source file '../share/zone_source/common_mp_weapons.csv'
	failed loading 'shellejects/clip_ak47' of type 'fx' found in source file '../share/zone_source/common_mp_weapons.csv'
ERROR: xmodel 'weapon_ak74u_clip' not found
	failed loading xmodel 'weapon_ak74u_clip' for asset 'shellejects/clip_ak74u' found in source file '../share/zone_source/common_mp_weapons.csv'
	failed loading 'weapon_ak74u_clip' of type 'xmodel' found in source file '../share/zone_source/common_mp_weapons.csv'
	failed loading 'shellejects/clip_ak74u' of type 'fx' found in source file '../share/zone_source/common_mp_weapons.csv'
ERROR: xmodel 'weapon_dragunov_clip' not found
	failed loading xmodel 'weapon_dragunov_clip' for asset 'shellejects/clip_dragunov' found in source file '../share/zone_source/common_mp_weapons.csv'
	failed loading 'weapon_dragunov_clip' of type 'xmodel' found in source file '../share/zone_source/common_mp_weapons.csv'
	failed loading 'shellejects/clip_dragunov' of type 'fx' found in source file '../share/zone_source/common_mp_weapons.csv'
ERROR: xmodel 'weapon_g3_clip' not found
	failed loading xmodel 'weapon_g3_clip' for asset 'shellejects/clip_g3' found in source file '../share/zone_source/common_mp_weapons.csv'
	failed loading 'weapon_g3_clip' of type 'xmodel' found in source file '../share/zone_source/common_mp_weapons.csv'
	failed loading 'shellejects/clip_g3' of type 'fx' found in source file '../share/zone_source/common_mp_weapons.csv'
ERROR: xmodel 'weapon_g36_clip' not found
	failed loading xmodel 'weapon_g36_clip' for asset 'shellejects/clip_g36' found in source file '../share/zone_source/common_mp_weapons.csv'
	failed loading 'weapon_g36_clip' of type 'xmodel' found in source file '../share/zone_source/common_mp_weapons.csv'
	failed loading 'shellejects/clip_g36' of type 'fx' found in source file '../share/zone_source/common_mp_weapons.csv'
ERROR: xmodel 'weapon_m14_clip' not found
	failed loading xmodel 'weapon_m14_clip' for asset 'shellejects/clip_m14' found in source file '../share/zone_source/common_mp_weapons.csv'
	failed loading 'weapon_m14_clip' of type 'xmodel' found in source file '../share/zone_source/common_mp_weapons.csv'
	failed loading 'shellejects/clip_m14' of type 'fx' found in source file '../share/zone_source/common_mp_weapons.csv'
ERROR: xmodel 'weapon_m16_clip' not found
	failed loading xmodel 'weapon_m16_clip' for asset 'shellejects/clip_m16' found in source file '../share/zone_source/common_mp_weapons.csv'
	failed loading 'weapon_m16_clip' of type 'xmodel' found in source file '../share/zone_source/common_mp_weapons.csv'
	failed loading 'shellejects/clip_m16' of type 'fx' found in source file '../share/zone_source/common_mp_weapons.csv'
ERROR: xmodel 'weapon_mp5_clip' not found
	failed loading xmodel 'weapon_mp5_clip' for asset 'shellejects/clip_mp5' found in source file '../share/zone_source/common_mp_weapons.csv'
	failed loading 'weapon_mp5_clip' of type 'xmodel' found in source file '../share/zone_source/common_mp_weapons.csv'
	failed loading 'shellejects/clip_mp5' of type 'fx' found in source file '../share/zone_source/common_mp_weapons.csv'
ERROR: xmodel 'weapon_saw_clip' not found
	failed loading xmodel 'weapon_saw_clip' for asset 'shellejects/clip_saw' found in source file '../share/zone_source/common_mp_weapons.csv'
	failed loading 'weapon_saw_clip' of type 'xmodel' found in source file '../share/zone_source/common_mp_weapons.csv'
	failed loading 'shellejects/clip_saw' of type 'fx' found in source file '../share/zone_source/common_mp_weapons.csv'
ERROR: xmodel 'viewmodel_nvg' not found
	failed loading xmodel 'viewmodel_nvg' for asset 'viewmodel_nvg' found in source file '../share/zone_source/common_mp_weapons.csv'
	failed loading 'viewmodel_nvg' of type 'xmodel' found in source file '../share/zone_source/common_mp_weapons.csv'
ERROR: xmodel 'viewhands_op_force' not found
	failed loading xmodel 'viewhands_op_force' for asset 'viewhands_op_force' found in source file '../share/zone_source/common_mp_weapons.csv'
	failed loading 'viewhands_op_force' of type 'xmodel' found in source file '../share/zone_source/common_mp_weapons.csv'
ERROR: xmodel 'viewhands_usmc' not found
	failed loading xmodel 'viewhands_usmc' for asset 'viewhands_usmc' found in source file '../share/zone_source/common_mp_weapons.csv'
	failed loading 'viewhands_usmc' of type 'xmodel' found in source file '../share/zone_source/common_mp_weapons.csv'
ERROR: Could not open 'vehicles/cobra_mp'
	failed loading 'vehicles/cobra_mp' of type 'rawfile' found in source file '../share/zone_source/common_mp_vehicles.csv'
ERROR: xanim 'bh_rotors' not found
	failed loading 'bh_rotors' of type 'xanim' found in source file '../share/zone_source/common_mp_vehicles.csv'
ERROR: xmodel 'vehicle_cobra_helicopter_fly' not found
	failed loading xmodel 'vehicle_cobra_helicopter_fly' for asset 'vehicle_cobra_helicopter_fly' found in source file '../share/zone_source/common_mp_vehicles.csv'
	failed loading 'vehicle_cobra_helicopter_fly' of type 'xmodel' found in source file '../share/zone_source/common_mp_vehicles.csv'
ERROR: xmodel 'vehicle_mi24p_hind_desert' not found
	failed loading xmodel 'vehicle_mi24p_hind_desert' for asset 'vehicle_mi24p_hind_desert' found in source file '../share/zone_source/common_mp_vehicles.csv'
	failed loading 'vehicle_mi24p_hind_desert' of type 'xmodel' found in source file '../share/zone_source/common_mp_vehicles.csv'
	failed loading 'mp/cobra_ffar_mp' of type 'weapon' found in source file '../share/zone_source/common_mp_vehicles.csv'
	failed loading 'mp/cobra_20mm_mp' of type 'weapon' found in source file '../share/zone_source/common_mp_vehicles.csv'
ERROR: xmodel 'projectile_hellfire_missile' not found
	failed loading xmodel 'projectile_hellfire_missile' for asset 'projectile_hellfire_missile' found in source file '../share/zone_source/common_mp_vehicles.csv'
	failed loading 'projectile_hellfire_missile' of type 'xmodel' found in source file '../share/zone_source/common_mp_vehicles.csv'
ERROR: xmodel 'projectile_sidewinder_missile' not found
	failed loading xmodel 'projectile_sidewinder_missile' for asset 'projectile_sidewinder_missile' found in source file '../share/zone_source/common_mp_vehicles.csv'
	failed loading 'projectile_sidewinder_missile' of type 'xmodel' found in source file '../share/zone_source/common_mp_vehicles.csv'
fx/explosions/aerial_explosion_large.efx not found
	failed loading 'explosions/aerial_explosion_large' of type 'fx' found in source file '../share/zone_source/common_mp_vehicles.csv'
fx/explosions/helicopter_explosion_cobra.efx not found
	failed loading 'explosions/helicopter_explosion_cobra' of type 'fx' found in source file '../share/zone_source/common_mp_vehicles.csv'
fx/explosions/aerial_explosion.efx not found
	failed loading 'explosions/aerial_explosion' of type 'fx' found in source file '../share/zone_source/common_mp_vehicles.csv'
fx/smoke/smoke_trail_black_heli.efx not found
	failed loading 'smoke/smoke_trail_black_heli' of type 'fx' found in source file '../share/zone_source/common_mp_vehicles.csv'
fx/smoke/smoke_trail_white_heli.efx not found
	failed loading 'smoke/smoke_trail_white_heli' of type 'fx' found in source file '../share/zone_source/common_mp_vehicles.csv'
fx/fire/fire_smoke_trail_l.efx not found
	failed loading 'fire/fire_smoke_trail_l' of type 'fx' found in source file '../share/zone_source/common_mp_vehicles.csv'
ERROR: xmodel 'vehicle_mig29_desert' not found
	failed loading xmodel 'vehicle_mig29_desert' for asset 'vehicle_mig29_desert' found in source file '../share/zone_source/common_mp_vehicles.csv'
	failed loading 'vehicle_mig29_desert' of type 'xmodel' found in source file '../share/zone_source/common_mp_vehicles.csv'
fx/fire/jet_afterburner.efx not found
	failed loading 'fire/jet_afterburner' of type 'fx' found in source file '../share/zone_source/common_mp_vehicles.csv'
fx/smoke/jet_contrail.efx not found
	failed loading 'smoke/jet_contrail' of type 'fx' found in source file '../share/zone_source/common_mp_vehicles.csv'
	failed loading 'mp/location_selector_mp' of type 'weapon' found in source file '../share/zone_source/common_mp_gametypespecific.csv'
ERROR: xmodel 'prop_flag_neutral' not found
	failed loading xmodel 'prop_flag_neutral' for asset 'prop_flag_neutral' found in source file '../share/zone_source/common_mp_gametypespecific.csv'
	failed loading 'prop_flag_neutral' of type 'xmodel' found in source file '../share/zone_source/common_mp_gametypespecific.csv'
ERROR: xmodel 'prop_flag_american' not found
	failed loading xmodel 'prop_flag_american' for asset 'prop_flag_american' found in source file '../share/zone_source/common_mp_gametypespecific.csv'
	failed loading 'prop_flag_american' of type 'xmodel' found in source file '../share/zone_source/common_mp_gametypespecific.csv'
ERROR: xmodel 'prop_flag_opfor' not found
	failed loading xmodel 'prop_flag_opfor' for asset 'prop_flag_opfor' found in source file '../share/zone_source/common_mp_gametypespecific.csv'
	failed loading 'prop_flag_opfor' of type 'xmodel' found in source file '../share/zone_source/common_mp_gametypespecific.csv'
ERROR: xmodel 'vehicle_slamraam_launcher' not found
	failed loading xmodel 'vehicle_slamraam_launcher' for asset 'vehicle_slamraam_launcher' found in source file '../share/zone_source/common_mp_gametypespecific.csv'
	failed loading 'vehicle_slamraam_launcher' of type 'xmodel' found in source file '../share/zone_source/common_mp_gametypespecific.csv'
ERROR: xmodel 'vehicle_slamraam_missiles' not found
	failed loading xmodel 'vehicle_slamraam_missiles' for asset 'vehicle_slamraam_missiles' found in source file '../share/zone_source/common_mp_gametypespecific.csv'
	failed loading 'vehicle_slamraam_missiles' of type 'xmodel' found in source file '../share/zone_source/common_mp_gametypespecific.csv'
ERROR: xmodel 'vehicle_slamraam_base' not found
	failed loading xmodel 'vehicle_slamraam_base' for asset 'vehicle_slamraam_base' found in source file '../share/zone_source/common_mp_gametypespecific.csv'
	failed loading 'vehicle_slamraam_base' of type 'xmodel' found in source file '../share/zone_source/common_mp_gametypespecific.csv'
ERROR: xmodel 'mil_tntbomb_mp' not found
	failed loading xmodel 'mil_tntbomb_mp' for asset 'mil_tntbomb_mp' found in source file '../share/zone_source/common_mp_gametypespecific.csv'
	failed loading 'mil_tntbomb_mp' of type 'xmodel' found in source file '../share/zone_source/common_mp_gametypespecific.csv'
ERROR: Couldn't find material 'headicon_tag_it'
	failed loading 'headicon_tag_it' of type 'material' found in source file '../share/zone_source/common_mp_materials.csv'
ERROR: Couldn't find material 'overlay_tag_it'
	failed loading 'overlay_tag_it' of type 'material' found in source file '../share/zone_source/common_mp_materials.csv'
ERROR: Couldn't find material 'waypoint_airstrike_white'
	failed loading 'waypoint_airstrike_white' of type 'material' found in source file '../share/zone_source/common_mp_materials.csv'
ERROR: Couldn't find material 'waypoint_airstrike_red'
	failed loading 'waypoint_airstrike_red' of type 'material' found in source file '../share/zone_source/common_mp_materials.csv'
ERROR: Couldn't find material 'waypoint_airstrike_green'
	failed loading 'waypoint_airstrike_green' of type 'material' found in source file '../share/zone_source/common_mp_materials.csv'
ERROR: Couldn't find material 'waypoint_radar_white'
	failed loading 'waypoint_radar_white' of type 'material' found in source file '../share/zone_source/common_mp_materials.csv'
ERROR: Couldn't find material 'waypoint_radar_red'
	failed loading 'waypoint_radar_red' of type 'material' found in source file '../share/zone_source/common_mp_materials.csv'
ERROR: Couldn't find material 'waypoint_radar_green'
	failed loading 'waypoint_radar_green' of type 'material' found in source file '../share/zone_source/common_mp_materials.csv'
ERROR: Couldn't find material 'waypoint_heli_white'
	failed loading 'waypoint_heli_white' of type 'material' found in source file '../share/zone_source/common_mp_materials.csv'
ERROR: Couldn't find material 'waypoint_heli_green'
	failed loading 'waypoint_heli_green' of type 'material' found in source file '../share/zone_source/common_mp_materials.csv'
ERROR: Couldn't find material 'waypoint_heli_red'
	failed loading 'waypoint_heli_red' of type 'material' found in source file '../share/zone_source/common_mp_materials.csv'
ERROR: Couldn't find material 'compass_objpoint_airstrike'
	failed loading 'compass_objpoint_airstrike' of type 'material' found in source file '../share/zone_source/common_mp_materials.csv'
ERROR: Couldn't find material 'compass_objpoint_airstrike_busy'
	failed loading 'compass_objpoint_airstrike_busy' of type 'material' found in source file '../share/zone_source/common_mp_materials.csv'
ERROR: Couldn't find material 'compass_objpoint_airstrike_friendly'
	failed loading 'compass_objpoint_airstrike_friendly' of type 'material' found in source file '../share/zone_source/common_mp_materials.csv'
ERROR: Couldn't find material 'compass_objpoint_helicopter'
	failed loading 'compass_objpoint_helicopter' of type 'material' found in source file '../share/zone_source/common_mp_materials.csv'
ERROR: Couldn't find material 'compass_objpoint_helicopter_busy'
	failed loading 'compass_objpoint_helicopter_busy' of type 'material' found in source file '../share/zone_source/common_mp_materials.csv'
ERROR: Couldn't find material 'compass_objpoint_helicopter_friendly'
	failed loading 'compass_objpoint_helicopter_friendly' of type 'material' found in source file '../share/zone_source/common_mp_materials.csv'
ERROR: Couldn't find material 'hud_icon_nvg'
	failed loading 'hud_icon_nvg' of type 'material' found in source file '../share/zone_source/common_mp_materials.csv'
ERROR: Couldn't find material 'weapon_m9beretta'
	failed loading material 'weapon_m9beretta' for asset 'ui_mp/scriptmenus/changeclass_splitscreen.menu' found in source file '../share/zone_source/common_mp_ingameui.csv'
ERROR: Couldn't find material 'weapon_fraggrenade'
	failed loading material 'weapon_fraggrenade' for asset 'ui_mp/scriptmenus/changeclass_splitscreen.menu' found in source file '../share/zone_source/common_mp_ingameui.csv'
ERROR: Couldn't find material 'weapon_m16a4'
	failed loading material 'weapon_m16a4' for asset 'ui_mp/scriptmenus/changeclass_splitscreen.menu' found in source file '../share/zone_source/common_mp_ingameui.csv'
ERROR: Couldn't find material 'weapon_m203'
	failed loading material 'weapon_m203' for asset 'ui_mp/scriptmenus/changeclass_splitscreen.menu' found in source file '../share/zone_source/common_mp_ingameui.csv'
ERROR: Couldn't find material 'weapon_smokegrenade'
	failed loading material 'weapon_smokegrenade' for asset 'ui_mp/scriptmenus/changeclass_splitscreen.menu' found in source file '../share/zone_source/common_mp_ingameui.csv'
ERROR: Couldn't find material 'weapon_mp5'
	failed loading material 'weapon_mp5' for asset 'ui_mp/scriptmenus/changeclass_splitscreen.menu' found in source file '../share/zone_source/common_mp_ingameui.csv'
ERROR: Couldn't find material 'weapon_flashbang'
	failed loading material 'weapon_flashbang' for asset 'ui_mp/scriptmenus/changeclass_splitscreen.menu' found in source file '../share/zone_source/common_mp_ingameui.csv'
ERROR: Couldn't find material 'weapon_c4'
	failed loading material 'weapon_c4' for asset 'ui_mp/scriptmenus/changeclass_splitscreen.menu' found in source file '../share/zone_source/common_mp_ingameui.csv'
ERROR: Couldn't find material 'weapon_m249saw'
	failed loading material 'weapon_m249saw' for asset 'ui_mp/scriptmenus/changeclass_splitscreen.menu' found in source file '../share/zone_source/common_mp_ingameui.csv'
ERROR: Couldn't find material 'weapon_claymore'
	failed loading material 'weapon_claymore' for asset 'ui_mp/scriptmenus/changeclass_splitscreen.menu' found in source file '../share/zone_source/common_mp_ingameui.csv'
ERROR: Couldn't find material 'weapon_winchester1200'
	failed loading material 'weapon_winchester1200' for asset 'ui_mp/scriptmenus/changeclass_splitscreen.menu' found in source file '../share/zone_source/common_mp_ingameui.csv'
ERROR: Couldn't find material 'weapon_concgrenade'
	failed loading material 'weapon_concgrenade' for asset 'ui_mp/scriptmenus/changeclass_splitscreen.menu' found in source file '../share/zone_source/common_mp_ingameui.csv'
ERROR: Couldn't find material 'weapon_at4'
	failed loading material 'weapon_at4' for asset 'ui_mp/scriptmenus/changeclass_splitscreen.menu' found in source file '../share/zone_source/common_mp_ingameui.csv'
ERROR: Couldn't find material 'weapon_m14_scoped'
	failed loading material 'weapon_m14_scoped' for asset 'ui_mp/scriptmenus/changeclass_splitscreen.menu' found in source file '../share/zone_source/common_mp_ingameui.csv'
ERROR: Could not open '../xenon/main_shared/mptype/mptype_ally_woodland_recon.csv'
	failed loading 'mptype_ally_woodland_recon' of type 'mptype' found in source file '../share/zone_source/common_mp.csv'
ERROR: Could not open '../xenon/main_shared/mptype/mptype_ally_woodland_assault.csv'
	failed loading 'mptype_ally_woodland_assault' of type 'mptype' found in source file '../share/zone_source/common_mp.csv'
ERROR: Could not open '../xenon/main_shared/mptype/mptype_ally_woodland_support.csv'
	failed loading 'mptype_ally_woodland_support' of type 'mptype' found in source file '../share/zone_source/common_mp.csv'
ERROR: Could not open '../xenon/main_shared/mptype/mptype_ally_woodland_sniper.csv'
	failed loading 'mptype_ally_woodland_sniper' of type 'mptype' found in source file '../share/zone_source/common_mp.csv'
ERROR: Could not open '../xenon/main_shared/mptype/mptype_ally_woodland_specops.csv'
	failed loading 'mptype_ally_woodland_specops' of type 'mptype' found in source file '../share/zone_source/common_mp.csv'
ERROR: xmodel 'me_satellitedish' not found
	failed loading xmodel 'me_satellitedish' for asset 'me_satellitedish' found in source file '../share/zone_source/common_mp.csv'
	failed loading 'me_satellitedish' of type 'xmodel' found in source file '../share/zone_source/common_mp.csv'
ERROR: xmodel 'com_red_toolbox' not found
	failed loading xmodel 'com_red_toolbox' for asset 'com_red_toolbox' found in source file '../share/zone_source/common_mp.csv'
	failed loading 'com_red_toolbox' of type 'xmodel' found in source file '../share/zone_source/common_mp.csv'
ERROR: xmodel 'com_teddy_bear' not found
	failed loading xmodel 'com_teddy_bear' for asset 'com_teddy_bear' found in source file '../share/zone_source/common_mp.csv'
	failed loading 'com_teddy_bear' of type 'xmodel' found in source file '../share/zone_source/common_mp.csv'
ERROR: xmodel 'com_plastic_bucket' not found
	failed loading xmodel 'com_plastic_bucket' for asset 'com_plastic_bucket' found in source file '../share/zone_source/common_mp.csv'
	failed loading 'com_plastic_bucket' of type 'xmodel' found in source file '../share/zone_source/common_mp.csv'
ERROR: xmodel 'com_fire_extinguisher' not found
	failed loading xmodel 'com_fire_extinguisher' for asset 'com_fire_extinguisher' found in source file '../share/zone_source/common_mp.csv'
	failed loading 'com_fire_extinguisher' of type 'xmodel' found in source file '../share/zone_source/common_mp.csv'
ERROR: xmodel 'com_milk_carton' not found
	failed loading xmodel 'com_milk_carton' for asset 'com_milk_carton' found in source file '../share/zone_source/common_mp.csv'
	failed loading 'com_milk_carton' of type 'xmodel' found in source file '../share/zone_source/common_mp.csv'
ERROR: xmodel 'com_cardboardbox02' not found
	failed loading xmodel 'com_cardboardbox02' for asset 'com_cardboardbox02' found in source file '../share/zone_source/common_mp.csv'
	failed loading 'com_cardboardbox02' of type 'xmodel' found in source file '../share/zone_source/common_mp.csv'
ERROR: xmodel 'com_laptop_open' not found
	failed loading xmodel 'com_laptop_open' for asset 'com_laptop_open' found in source file '../share/zone_source/common_mp.csv'
	failed loading 'com_laptop_open' of type 'xmodel' found in source file '../share/zone_source/common_mp.csv'
ERROR: xmodel 'com_folding_table' not found
	failed loading xmodel 'com_folding_table' for asset 'com_folding_table' found in source file '../share/zone_source/common_mp.csv'
	failed loading 'com_folding_table' of type 'xmodel' found in source file '../share/zone_source/common_mp.csv'
ERROR: xmodel 'c130_zoomrig' not found
	failed loading xmodel 'c130_zoomrig' for asset 'c130_zoomrig' found in source file '../share/zone_source/common_mp_ac130.csv'
	failed loading 'c130_zoomrig' of type 'xmodel' found in source file '../share/zone_source/common_mp_ac130.csv'
	failed loading 'mp/ac130_105mm_mp' of type 'weapon' found in source file '../share/zone_source/common_mp_ac130.csv'
	failed loading 'mp/ac130_40mm_mp' of type 'weapon' found in source file '../share/zone_source/common_mp_ac130.csv'
	failed loading 'mp/ac130_25mm_mp' of type 'weapon' found in source file '../share/zone_source/common_mp_ac130.csv'
