ERROR: xmodel 'viewmodel_nvg' not found
	failed loading xmodel 'viewmodel_nvg' for asset 'viewmodel_nvg' found in source file '../share/zone_source/effectsEd_box.csv'
	failed loading 'viewmodel_nvg' of type 'xmodel' found in source file '../share/zone_source/effectsEd_box.csv'
ERROR: Couldn't find material 'gfx_muzflash2'
	failed loading material 'gfx_muzflash2' for asset 'sp/m1garand' found in source file '../share/zone_source/effectsEd_box.csv'
ERROR: Couldn't find material 'gfx_muzflash2a'
	failed loading material 'gfx_muzflash2a' for asset 'sp/m1garand' found in source file '../share/zone_source/effectsEd_box.csv'
ERROR: Couldn't find material 'gfx/icons/hud@m1garand.tga'
	failed loading material 'gfx/icons/hud@m1garand.tga' for asset 'sp/m1garand' found in source file '../share/zone_source/effectsEd_box.csv'
ERROR: Couldn't find material 'gfx/icons/hud@thompson.tga'
	failed loading material 'gfx/icons/hud@thompson.tga' for asset 'sp/thompson' found in source file '../share/zone_source/effectsEd_box.csv'
fx/misc/fx_missing_fx.efx not found
	failed loading 'misc/fx_missing_fx' of type 'fx' found in source file '../share/zone_source/effectsEd_box.csv'
ERROR: xmodel 'weapon_m16_clip' not found
	failed loading xmodel 'weapon_m16_clip' for asset 'weapon_m16_clip' found in source file '../share/zone_source/effectsEd_box.csv'
	failed loading 'weapon_m16_clip' of type 'xmodel' found in source file '../share/zone_source/effectsEd_box.csv'
ERROR: xmodel 'weapon_ak47_clip' not found
	failed loading xmodel 'weapon_ak47_clip' for asset 'weapon_ak47_clip' found in source file '../share/zone_source/effectsEd_box.csv'
	failed loading 'weapon_ak47_clip' of type 'xmodel' found in source file '../share/zone_source/effectsEd_box.csv'
ERROR: xmodel 'weapon_saw_clip' not found
	failed loading xmodel 'weapon_saw_clip' for asset 'weapon_saw_clip' found in source file '../share/zone_source/effectsEd_box.csv'
	failed loading 'weapon_saw_clip' of type 'xmodel' found in source file '../share/zone_source/effectsEd_box.csv'
ERROR: xmodel 'weapon_mp5_clip' not found
	failed loading xmodel 'weapon_mp5_clip' for asset 'weapon_mp5_clip' found in source file '../share/zone_source/effectsEd_box.csv'
	failed loading 'weapon_mp5_clip' of type 'xmodel' found in source file '../share/zone_source/effectsEd_box.csv'
ERROR: xmodel 'weapon_dragunov_clip' not found
	failed loading xmodel 'weapon_dragunov_clip' for asset 'weapon_dragunov_clip' found in source file '../share/zone_source/effectsEd_box.csv'
	failed loading 'weapon_dragunov_clip' of type 'xmodel' found in source file '../share/zone_source/effectsEd_box.csv'
ERROR: xmodel 'weapon_g3_clip' not found
	failed loading xmodel 'weapon_g3_clip' for asset 'weapon_g3_clip' found in source file '../share/zone_source/effectsEd_box.csv'
	failed loading 'weapon_g3_clip' of type 'xmodel' found in source file '../share/zone_source/effectsEd_box.csv'
ERROR: xmodel 'weapon_g36_clip' not found
	failed loading xmodel 'weapon_g36_clip' for asset 'weapon_g36_clip' found in source file '../share/zone_source/effectsEd_box.csv'
	failed loading 'weapon_g36_clip' of type 'xmodel' found in source file '../share/zone_source/effectsEd_box.csv'
ERROR: xmodel 'weapon_m14_clip' not found
	failed loading xmodel 'weapon_m14_clip' for asset 'weapon_m14_clip' found in source file '../share/zone_source/effectsEd_box.csv'
	failed loading 'weapon_m14_clip' of type 'xmodel' found in source file '../share/zone_source/effectsEd_box.csv'
ERROR: xmodel 'weapon_ak74u_clip' not found
	failed loading xmodel 'weapon_ak74u_clip' for asset 'weapon_ak74u_clip' found in source file '../share/zone_source/effectsEd_box.csv'
	failed loading 'weapon_ak74u_clip' of type 'xmodel' found in source file '../share/zone_source/effectsEd_box.csv'
ERROR: Couldn't find material 'hud_icon_nvg'
	failed loading 'hud_icon_nvg' of type 'material' found in source file '../share/zone_source/effectsEd_box.csv'
	failed loading 'shellejects/clip_m16' of type 'fx' found in source file '../share/zone_source/effectsEd_box.csv'
	failed loading 'shellejects/clip_ak47' of type 'fx' found in source file '../share/zone_source/effectsEd_box.csv'
	failed loading 'shellejects/clip_saw' of type 'fx' found in source file '../share/zone_source/effectsEd_box.csv'
	failed loading 'shellejects/clip_mp5' of type 'fx' found in source file '../share/zone_source/effectsEd_box.csv'
	failed loading 'shellejects/clip_dragunov' of type 'fx' found in source file '../share/zone_source/effectsEd_box.csv'
	failed loading 'shellejects/clip_g3' of type 'fx' found in source file '../share/zone_source/effectsEd_box.csv'
	failed loading 'shellejects/clip_g36' of type 'fx' found in source file '../share/zone_source/effectsEd_box.csv'
	failed loading 'shellejects/clip_m14' of type 'fx' found in source file '../share/zone_source/effectsEd_box.csv'
	failed loading 'shellejects/clip_ak74u' of type 'fx' found in source file '../share/zone_source/effectsEd_box.csv'
