	failed loading 'sp/saw' of type 'weapon' found in source file '../share/zone_source/firingrange_weapons.csv'
	failed loading 'sp/winchester1200' of type 'weapon' found in source file '../share/zone_source/firingrange_weapons.csv'
	failed loading 'sp/rpg' of type 'weapon' found in source file '../share/zone_source/firingrange_weapons.csv'
	failed loading 'sp/ak47' of type 'weapon' found in source file '../share/zone_source/firingrange_weapons.csv'
	failed loading 'sp/mp5' of type 'weapon' found in source file '../share/zone_source/firingrange_weapons.csv'
	failed loading 'sp/gp25' of type 'weapon' found in source file '../share/zone_source/firingrange_weapons.csv'
	failed loading 'sp/ak74u' of type 'weapon' found in source file '../share/zone_source/firingrange_weapons.csv'
	failed loading 'sp/beretta' of type 'weapon' found in source file '../share/zone_source/firingrange_weapons.csv'
	failed loading 'sp/dragunov' of type 'weapon' found in source file '../share/zone_source/firingrange_weapons.csv'
	failed loading 'sp/g36c' of type 'weapon' found in source file '../share/zone_source/firingrange_weapons.csv'
	failed loading 'sp/m14_scoped' of type 'weapon' found in source file '../share/zone_source/firingrange_weapons.csv'
	failed loading 'sp/m16_basic' of type 'weapon' found in source file '../share/zone_source/firingrange_weapons.csv'
	failed loading 'sp/m16_grenadier' of type 'weapon' found in source file '../share/zone_source/firingrange_weapons.csv'
	failed loading 'sp/m4_grunt' of type 'weapon' found in source file '../share/zone_source/firingrange_weapons.csv'
	failed loading 'sp/m4_grenadier' of type 'weapon' found in source file '../share/zone_source/firingrange_weapons.csv'
	failed loading 'sp/m40a3' of type 'weapon' found in source file '../share/zone_source/firingrange_weapons.csv'
	failed loading 'sp/usp' of type 'weapon' found in source file '../share/zone_source/firingrange_weapons.csv'
	failed loading 'sp/g3' of type 'weapon' found in source file '../share/zone_source/firingrange_weapons.csv'
	failed loading 'sp/uzi' of type 'weapon' found in source file '../share/zone_source/firingrange_weapons.csv'
	failed loading 'sp/skorpion' of type 'weapon' found in source file '../share/zone_source/firingrange_weapons.csv'
	failed loading 'sp/m60e4' of type 'weapon' found in source file '../share/zone_source/firingrange_weapons.csv'
	failed loading 'sp/m203_m4' of type 'weapon' found in source file '../share/zone_source/firingrange_weapons.csv'
	failed loading 'sp/m203' of type 'weapon' found in source file '../share/zone_source/firingrange_weapons.csv'
	failed loading 'sp/m4m203_silencer' of type 'weapon' found in source file '../share/zone_source/firingrange_weapons.csv'
	failed loading 'sp/c4' of type 'weapon' found in source file '../share/zone_source/firingrange_weapons.csv'
	failed loading 'sp/claymore' of type 'weapon' found in source file '../share/zone_source/firingrange_weapons.csv'
	failed loading 'sp/claymore2' of type 'weapon' found in source file '../share/zone_source/firingrange_weapons.csv'
	failed loading 'sp/m4_silencer' of type 'weapon' found in source file '../share/zone_source/firingrange_weapons.csv'
	failed loading 'sp/mp5_silencer' of type 'weapon' found in source file '../share/zone_source/firingrange_weapons.csv'
	failed loading 'sp/ak47_grenadier' of type 'weapon' found in source file '../share/zone_source/firingrange_weapons.csv'
	failed loading 'sp/m203_m4_silencer' of type 'weapon' found in source file '../share/zone_source/firingrange_weapons.csv'
