	failed loading 'sp/saw' of type 'weapon' found in source file '../share/zone_source/fr_non_assaultrifles.csv'
	failed loading 'sp/winchester1200' of type 'weapon' found in source file '../share/zone_source/fr_non_assaultrifles.csv'
	failed loading 'sp/rpg' of type 'weapon' found in source file '../share/zone_source/fr_non_assaultrifles.csv'
	failed loading 'sp/mp5' of type 'weapon' found in source file '../share/zone_source/fr_non_assaultrifles.csv'
	failed loading 'sp/beretta' of type 'weapon' found in source file '../share/zone_source/fr_non_assaultrifles.csv'
	failed loading 'sp/dragunov' of type 'weapon' found in source file '../share/zone_source/fr_non_assaultrifles.csv'
	failed loading 'sp/m14_scoped' of type 'weapon' found in source file '../share/zone_source/fr_non_assaultrifles.csv'
	failed loading 'sp/m40a3' of type 'weapon' found in source file '../share/zone_source/fr_non_assaultrifles.csv'
	failed loading 'sp/usp' of type 'weapon' found in source file '../share/zone_source/fr_non_assaultrifles.csv'
	failed loading 'sp/uzi' of type 'weapon' found in source file '../share/zone_source/fr_non_assaultrifles.csv'
	failed loading 'sp/skorpion' of type 'weapon' found in source file '../share/zone_source/fr_non_assaultrifles.csv'
	failed loading 'sp/m60e4' of type 'weapon' found in source file '../share/zone_source/fr_non_assaultrifles.csv'
	failed loading 'sp/c4' of type 'weapon' found in source file '../share/zone_source/fr_non_assaultrifles.csv'
	failed loading 'sp/claymore' of type 'weapon' found in source file '../share/zone_source/fr_non_assaultrifles.csv'
	failed loading 'sp/claymore2' of type 'weapon' found in source file '../share/zone_source/fr_non_assaultrifles.csv'
	failed loading 'sp/mp5_silencer' of type 'weapon' found in source file '../share/zone_source/fr_non_assaultrifles.csv'
	failed loading 'sp/colt45' of type 'weapon' found in source file '../share/zone_source/fr_non_assaultrifles.csv'
	failed loading 'sp/rpd' of type 'weapon' found in source file '../share/zone_source/fr_non_assaultrifles.csv'
	failed loading 'sp/facemask' of type 'weapon' found in source file '../share/zone_source/fr_non_assaultrifles.csv'
	failed loading 'sp/at4' of type 'weapon' found in source file '../share/zone_source/fr_non_assaultrifles.csv'
	failed loading 'sp/m1014' of type 'weapon' found in source file '../share/zone_source/fr_non_assaultrifles.csv'
	failed loading 'sp/deserteagle' of type 'weapon' found in source file '../share/zone_source/fr_non_assaultrifles.csv'
