^1ERROR: Couldn't find material 'btn_accept'
^1	failed loading 'btn_accept' of type 'material' found in source file '../share/zone_source/common_scaleform.csv'
^1ERROR: Couldn't find material 'btn_back'
^1	failed loading 'btn_back' of type 'material' found in source file '../share/zone_source/common_scaleform.csv'
^1ERROR: Couldn't find material 'btn_left'
^1	failed loading 'btn_left' of type 'material' found in source file '../share/zone_source/common_scaleform.csv'
^1ERROR: Couldn't find material 'btn_nav_down'
^1	failed loading 'btn_nav_down' of type 'material' found in source file '../share/zone_source/common_scaleform.csv'
^1ERROR: Couldn't find material 'btn_nav_up'
^1	failed loading 'btn_nav_up' of type 'material' found in source file '../share/zone_source/common_scaleform.csv'
^1ERROR: Couldn't find material 'btn_navigate_all'
^1	failed loading 'btn_navigate_all' of type 'material' found in source file '../share/zone_source/common_scaleform.csv'
^1ERROR: Couldn't find material 'btn_navigate_h'
^1	failed loading 'btn_navigate_h' of type 'material' found in source file '../share/zone_source/common_scaleform.csv'
^1ERROR: Couldn't find material 'btn_navigate_v'
^1	failed loading 'btn_navigate_v' of type 'material' found in source file '../share/zone_source/common_scaleform.csv'
^1ERROR: Couldn't find material 'btn_refresh'
^1	failed loading 'btn_refresh' of type 'material' found in source file '../share/zone_source/common_scaleform.csv'
^1ERROR: Couldn't find material 'btn_right'
^1	failed loading 'btn_right' of type 'material' found in source file '../share/zone_source/common_scaleform.csv'
^1ERROR: Couldn't find material 'btn_y'
^1	failed loading 'btn_y' of type 'material' found in source file '../share/zone_source/common_scaleform.csv'
^1ERROR: Couldn't find material 'bumper_left'
^1	failed loading 'bumper_left' of type 'material' found in source file '../share/zone_source/common_scaleform.csv'
^1ERROR: Couldn't find material 'bumper_right'
^1	failed loading 'bumper_right' of type 'material' found in source file '../share/zone_source/common_scaleform.csv'
^1ERROR: Couldn't find material 'button_back'
^1	failed loading 'button_back' of type 'material' found in source file '../share/zone_source/common_scaleform.csv'
^1ERROR: Couldn't find material 'stick_left'
^1	failed loading 'stick_left' of type 'material' found in source file '../share/zone_source/common_scaleform.csv'
^1ERROR: Couldn't find material 'stick_right'
^1	failed loading 'stick_right' of type 'material' found in source file '../share/zone_source/common_scaleform.csv'
^1ERROR: Couldn't find material 'trigger_left'
^1	failed loading 'trigger_left' of type 'material' found in source file '../share/zone_source/common_scaleform.csv'
^1ERROR: Couldn't find material 'trigger_right'
^1	failed loading 'trigger_right' of type 'material' found in source file '../share/zone_source/common_scaleform.csv'
