^1Sound file 'sound/battlechatter\ja\2/ja_2_status_banzai_you_00.xma' not found
^1Sound file 'sound/battlechatter\ja\2/ja_2_status_banzai_you_01.xma' not found
^1Sound file 'sound/battlechatter\ja\2/ja_2_status_banzai_you_02.xma' not found
^1Sound file 'sound/battlechatter\ja\2/ja_2_status_banzai_you_03.xma' not found
^1Sound file 'sound/battlechatter\ja\2/ja_2_status_banzai_you_04.xma' not found
^1Sound file 'sound/battlechatter\ja\2/ja_2_status_banzai_you_05.xma' not found
^1Sound file 'sound/battlechatter\ja\2/ja_2_status_banzai_charge_00.xma' not found
^1Sound file 'sound/battlechatter\ja\2/ja_2_status_banzai_charge_01.xma' not found
^1Sound file 'sound/battlechatter\ja\2/ja_2_status_banzai_charge_02.xma' not found
^1Sound file 'sound/battlechatter\ja\2/ja_2_status_banzai_charge_03.xma' not found
^1Sound file 'sound/battlechatter\ja\2/ja_2_status_banzai_charge_04.xma' not found
^1Sound file 'sound/battlechatter/us/1/us_1_death_large_01.xma' could not be found.
^1Sound file 'sound/voiceovers\makin\igd/mak1_igd_050a_roeb.xma' not found
^1Sound file 'sound/battlechatter\us\1/us_1_order_attack_infantry_04.xma' not found
^1Sound file 'sound/battlechatter\us\1/us_1_inform_burning_00.xma' not found
^1Sound file 'sound/battlechatter\us\1/us_1_inform_burning_01.xma' not found
^1Sound file 'sound/battlechatter\us\1/us_1_inform_burning_02.xma' not found
^1Sound file 'sound/battlechatter\us\1/us_1_inform_burning_03.xma' not found
^1Sound file 'sound/battlechatter\us\1/us_1_name_anderson_00.xma' not found
^1Sound file 'sound/battlechatter\us\1/us_1_name_anthony_00.xma' not found
^1Sound file 'sound/battlechatter\us\1/us_1_name_arrasmith_00.xma' not found
^1Sound file 'sound/battlechatter\us\1/us_1_name_ayers_00.xma' not found
^1Sound file 'sound/battlechatter\us\1/us_1_name_bickell_00.xma' not found
^1Sound file 'sound/battlechatter\us\1/us_1_name_bojorquez_00.xma' not found
^1Sound file 'sound/battlechatter\us\1/us_1_name_buffaloe_00.xma' not found
^1Sound file 'sound/battlechatter\us\1/us_1_name_bunting_00.xma' not found
^1Sound file 'sound/battlechatter\us\1/us_1_name_chassereau_00.xma' not found
^1Sound file 'sound/battlechatter\us\1/us_1_name_conserva_00.xma' not found
^1Sound file 'sound/battlechatter\us\1/us_1_name_curran_00.xma' not found
^1Sound file 'sound/battlechatter\us\1/us_1_name_denny_00.xma' not found
^1Sound file 'sound/battlechatter\us\1/us_1_name_dickinson_00.xma' not found
^1Sound file 'sound/battlechatter\us\1/us_1_name_dionne_00.xma' not found
^1Sound file 'sound/battlechatter\us\1/us_1_name_donlon_00.xma' not found
^1Sound file 'sound/battlechatter\us\1/us_1_name_doron_00.xma' not found
^1Sound file 'sound/battlechatter\us\1/us_1_name_draeger_00.xma' not found
^1Sound file 'sound/battlechatter\us\1/us_1_name_dwyer_00.xma' not found
^1Sound file 'sound/battlechatter\us\1/us_1_name_farrelly_00.xma' not found
^1Sound file 'sound/battlechatter\us\1/us_1_name_feltrin_00.xma' not found
^1Sound file 'sound/battlechatter\us\1/us_1_name_flamer_00.xma' not found
^1Sound file 'sound/battlechatter\us\1/us_1_name_golding_00.xma' not found
^1Sound file 'sound/battlechatter\us\1/us_1_name_grace_00.xma' not found
^1Sound file 'sound/battlechatter\us\1/us_1_name_griffith_00.xma' not found
^1Sound file 'sound/battlechatter\us\1/us_1_name_guzzo_00.xma' not found
^1Sound file 'sound/battlechatter\us\1/us_1_name_heller_00.xma' not found
^1Sound file 'sound/battlechatter\us\1/us_1_name_houston_00.xma' not found
^1Sound file 'sound/battlechatter\us\1/us_1_name_james_00.xma' not found
^1Sound file 'sound/battlechatter\us\1/us_1_name_joyal_00.xma' not found
^1Sound file 'sound/battlechatter\us\1/us_1_name_king_00.xma' not found
^1Sound file 'sound/battlechatter\us\1/us_1_name_kraeer_00.xma' not found
^1Sound file 'sound/battlechatter\us\1/us_1_name_kramer_00.xma' not found
^1Sound file 'sound/battlechatter\us\1/us_1_name_krauss_00.xma' not found
^1Sound file 'sound/battlechatter\us\1/us_1_name_lamia_00.xma' not found
^1Sound file 'sound/battlechatter\us\1/us_1_name_laufer_00.xma' not found
^1Sound file 'sound/battlechatter\us\1/us_1_name_lehmkuhl_00.xma' not found
^1Sound file 'sound/battlechatter\us\1/us_1_name_livingston_00.xma' not found
^1Sound file 'sound/battlechatter\us\1/us_1_name_locke_00.xma' not found
^1Sound file 'sound/battlechatter\us\1/us_1_name_lozano_00.xma' not found
^1Sound file 'sound/battlechatter\us\1/us_1_name_lyman_00.xma' not found
^1Sound file 'sound/battlechatter\us\1/us_1_name_malamed_00.xma' not found
^1Sound file 'sound/battlechatter\us\1/us_1_name_mattis_00.xma' not found
^1Sound file 'sound/battlechatter\us\1/us_1_name_mccawley_00.xma' not found
^1Sound file 'sound/battlechatter\us\1/us_1_name_mcginley_00.xma' not found
^1Sound file 'sound/battlechatter\us\1/us_1_name_mulcahy_00.xma' not found
^1Sound file 'sound/battlechatter\us\1/us_1_name_nouriani_00.xma' not found
^1Sound file 'sound/battlechatter\us\1/us_1_name_petty_00.xma' not found
^1Sound file 'sound/battlechatter\us\1/us_1_name_pierce_00.xma' not found
^1Sound file 'sound/battlechatter\us\1/us_1_name_pierro_00.xma' not found
^1Sound file 'sound/battlechatter\us\1/us_1_name_porter_00.xma' not found
^1Sound file 'sound/battlechatter\us\1/us_1_name_racca_00.xma' not found
^1Sound file 'sound/battlechatter\us\1/us_1_name_sandler_00.xma' not found
^1Sound file 'sound/battlechatter\us\1/us_1_name_schoonover_00.xma' not found
^1Sound file 'sound/battlechatter\us\1/us_1_name_seibert_00.xma' not found
^1Sound file 'sound/battlechatter\us\1/us_1_name_shubert_00.xma' not found
^1Sound file 'sound/battlechatter\us\1/us_1_name_slayback_00.xma' not found
^1Sound file 'sound/battlechatter\us\1/us_1_name_snider_00.xma' not found
^1Sound file 'sound/battlechatter\us\1/us_1_name_souders_00.xma' not found
^1Sound file 'sound/battlechatter\us\1/us_1_name_stohl_00.xma' not found
^1Sound file 'sound/battlechatter\us\1/us_1_name_stoll_00.xma' not found
^1Sound file 'sound/battlechatter\us\1/us_1_name_suarez_00.xma' not found
^1Sound file 'sound/battlechatter\us\1/us_1_name_taubel_00.xma' not found
^1Sound file 'sound/battlechatter\us\1/us_1_name_thompkins_00.xma' not found
^1Sound file 'sound/battlechatter\us\1/us_1_name_tuey_00.xma' not found
^1Sound file 'sound/battlechatter\us\1/us_1_name_vonderhaar_00.xma' not found
^1Sound file 'sound/battlechatter\us\1/us_1_name_walker_00.xma' not found
^1Sound file 'sound/battlechatter\us\1/us_1_name_westfield_00.xma' not found
^1Sound file 'sound/battlechatter\us\1/us_1_name_whitney_00.xma' not found
^1Sound file 'sound/battlechatter\us\1/us_1_name_zaring_00.xma' not found
^1Sound file 'sound/battlechatter\us\1/us_1_name_zielinski_00.xma' not found
^1Sound file 'sound/battlechatter\us\1/us_1_threat_banzai_00.xma' not found
^1Sound file 'sound/battlechatter\us\1/us_1_threat_banzai_01.xma' not found
^1Sound file 'sound/battlechatter\us\1/us_1_threat_banzai_02.xma' not found
^1Sound file 'sound/battlechatter\us\1/us_1_threat_banzai_03.xma' not found
^1Sound file 'sound/battlechatter\us\2/us_2_inform_burning_00.xma' not found
^1Sound file 'sound/battlechatter\us\2/us_2_inform_burning_01.xma' not found
^1Sound file 'sound/battlechatter\us\2/us_2_inform_burning_02.xma' not found
^1Sound file 'sound/battlechatter\us\2/us_2_inform_burning_03.xma' not found
^1Sound file 'sound/battlechatter\us\2/us_2_name_anderson_00.xma' not found
^1Sound file 'sound/battlechatter\us\2/us_2_name_anthony_00.xma' not found
^1Sound file 'sound/battlechatter\us\2/us_2_name_arrasmith_00.xma' not found
^1Sound file 'sound/battlechatter\us\2/us_2_name_ayers_00.xma' not found
^1Sound file 'sound/battlechatter\us\2/us_2_name_bickell_00.xma' not found
^1Sound file 'sound/battlechatter\us\2/us_2_name_bojorquez_00.xma' not found
^1Sound file 'sound/battlechatter\us\2/us_2_name_buffaloe_00.xma' not found
^1Sound file 'sound/battlechatter\us\2/us_2_name_bunting_00.xma' not found
^1Sound file 'sound/battlechatter\us\2/us_2_name_chassereau_00.xma' not found
^1Sound file 'sound/battlechatter\us\2/us_2_name_conserva_00.xma' not found
^1Sound file 'sound/battlechatter\us\2/us_2_name_curran_00.xma' not found
^1Sound file 'sound/battlechatter\us\2/us_2_name_denny_00.xma' not found
^1Sound file 'sound/battlechatter\us\2/us_2_name_dickinson_00.xma' not found
^1Sound file 'sound/battlechatter\us\2/us_2_name_dionne_00.xma' not found
^1Sound file 'sound/battlechatter\us\2/us_2_name_donlon_00.xma' not found
^1Sound file 'sound/battlechatter\us\2/us_2_name_doron_00.xma' not found
^1Sound file 'sound/battlechatter\us\2/us_2_name_draeger_00.xma' not found
^1Sound file 'sound/battlechatter\us\2/us_2_name_dwyer_00.xma' not found
^1Sound file 'sound/battlechatter\us\2/us_2_name_farrelly_00.xma' not found
^1Sound file 'sound/battlechatter\us\2/us_2_name_feltrin_00.xma' not found
^1Sound file 'sound/battlechatter\us\2/us_2_name_flamer_00.xma' not found
^1Sound file 'sound/battlechatter\us\2/us_2_name_golding_00.xma' not found
^1Sound file 'sound/battlechatter\us\2/us_2_name_grace_00.xma' not found
^1Sound file 'sound/battlechatter\us\2/us_2_name_griffith_00.xma' not found
^1Sound file 'sound/battlechatter\us\2/us_2_name_guzzo_00.xma' not found
^1Sound file 'sound/battlechatter\us\2/us_2_name_heller_00.xma' not found
^1Sound file 'sound/battlechatter\us\2/us_2_name_houston_00.xma' not found
^1Sound file 'sound/battlechatter\us\2/us_2_name_james_00.xma' not found
^1Sound file 'sound/battlechatter\us\2/us_2_name_joyal_00.xma' not found
^1Sound file 'sound/battlechatter\us\2/us_2_name_king_00.xma' not found
^1Sound file 'sound/battlechatter\us\2/us_2_name_kraeer_00.xma' not found
^1Sound file 'sound/battlechatter\us\2/us_2_name_kramer_00.xma' not found
^1Sound file 'sound/battlechatter\us\2/us_2_name_krauss_00.xma' not found
^1Sound file 'sound/battlechatter\us\2/us_2_name_lamia_00.xma' not found
^1Sound file 'sound/battlechatter\us\2/us_2_name_laufer_00.xma' not found
^1Sound file 'sound/battlechatter\us\2/us_2_name_lehmkuhl_00.xma' not found
^1Sound file 'sound/battlechatter\us\2/us_2_name_livingston_00.xma' not found
^1Sound file 'sound/battlechatter\us\2/us_2_name_locke_00.xma' not found
^1Sound file 'sound/battlechatter\us\2/us_2_name_lozano_00.xma' not found
^1Sound file 'sound/battlechatter\us\2/us_2_name_lyman_00.xma' not found
^1Sound file 'sound/battlechatter\us\2/us_2_name_malamed_00.xma' not found
^1Sound file 'sound/battlechatter\us\2/us_2_name_mattis_00.xma' not found
^1Sound file 'sound/battlechatter\us\2/us_2_name_mccawley_00.xma' not found
^1Sound file 'sound/battlechatter\us\2/us_2_name_mcginley_00.xma' not found
^1Sound file 'sound/battlechatter\us\2/us_2_name_mulcahy_00.xma' not found
^1Sound file 'sound/battlechatter\us\2/us_2_name_nouriani_00.xma' not found
^1Sound file 'sound/battlechatter\us\2/us_2_name_petty_00.xma' not found
^1Sound file 'sound/battlechatter\us\2/us_2_name_pierce_00.xma' not found
^1Sound file 'sound/battlechatter\us\2/us_2_name_pierro_00.xma' not found
^1Sound file 'sound/battlechatter\us\2/us_2_name_porter_00.xma' not found
^1Sound file 'sound/battlechatter\us\2/us_2_name_racca_00.xma' not found
^1Sound file 'sound/battlechatter\us\2/us_2_name_sandler_00.xma' not found
^1Sound file 'sound/battlechatter\us\2/us_2_name_schoonover_00.xma' not found
^1Sound file 'sound/battlechatter\us\2/us_2_name_seibert_00.xma' not found
^1Sound file 'sound/battlechatter\us\2/us_2_name_shubert_00.xma' not found
^1Sound file 'sound/battlechatter\us\2/us_2_name_slayback_00.xma' not found
^1Sound file 'sound/battlechatter\us\2/us_2_name_snider_00.xma' not found
^1Sound file 'sound/battlechatter\us\2/us_2_name_souders_00.xma' not found
^1Sound file 'sound/battlechatter\us\2/us_2_name_stohl_00.xma' not found
^1Sound file 'sound/battlechatter\us\2/us_2_name_stoll_00.xma' not found
^1Sound file 'sound/battlechatter\us\2/us_2_name_suarez_00.xma' not found
^1Sound file 'sound/battlechatter\us\2/us_2_name_taubel_00.xma' not found
^1Sound file 'sound/battlechatter\us\2/us_2_name_thompkins_00.xma' not found
^1Sound file 'sound/battlechatter\us\2/us_2_name_tuey_00.xma' not found
^1Sound file 'sound/battlechatter\us\2/us_2_name_vonderhaar_00.xma' not found
^1Sound file 'sound/battlechatter\us\2/us_2_name_walker_00.xma' not found
^1Sound file 'sound/battlechatter\us\2/us_2_name_westfield_00.xma' not found
^1Sound file 'sound/battlechatter\us\2/us_2_name_whitney_00.xma' not found
^1Sound file 'sound/battlechatter\us\2/us_2_name_zaring_00.xma' not found
^1Sound file 'sound/battlechatter\us\2/us_2_name_zielinski_00.xma' not found
^1Sound file 'sound/battlechatter\us\2/us_2_threat_banzai_00.xma' not found
^1Sound file 'sound/battlechatter\us\2/us_2_threat_banzai_01.xma' not found
^1Sound file 'sound/battlechatter\us\2/us_2_threat_banzai_02.xma' not found
^1Sound file 'sound/battlechatter\us\2/us_2_threat_banzai_03.xma' not found
^1Sound file 'sound/battlechatter\us\3/us_3_inform_burning_00.xma' not found
^1Sound file 'sound/battlechatter\us\3/us_3_inform_burning_01.xma' not found
^1Sound file 'sound/battlechatter\us\3/us_3_inform_burning_02.xma' not found
^1Sound file 'sound/battlechatter\us\3/us_3_inform_burning_03.xma' not found
^1Sound file 'sound/battlechatter\us\3/us_3_name_anderson_00.xma' not found
^1Sound file 'sound/battlechatter\us\3/us_3_name_anthony_00.xma' not found
^1Sound file 'sound/battlechatter\us\3/us_3_name_arrasmith_00.xma' not found
^1Sound file 'sound/battlechatter\us\3/us_3_name_ayers_00.xma' not found
^1Sound file 'sound/battlechatter\us\3/us_3_name_bickell_00.xma' not found
^1Sound file 'sound/battlechatter\us\3/us_3_name_bojorquez_00.xma' not found
^1Sound file 'sound/battlechatter\us\3/us_3_name_buffaloe_00.xma' not found
^1Sound file 'sound/battlechatter\us\3/us_3_name_bunting_00.xma' not found
^1Sound file 'sound/battlechatter\us\3/us_3_name_chassereau_00.xma' not found
^1Sound file 'sound/battlechatter\us\3/us_3_name_conserva_00.xma' not found
^1Sound file 'sound/battlechatter\us\3/us_3_name_curran_00.xma' not found
^1Sound file 'sound/battlechatter\us\3/us_3_name_denny_00.xma' not found
^1Sound file 'sound/battlechatter\us\3/us_3_name_dickinson_00.xma' not found
^1Sound file 'sound/battlechatter\us\3/us_3_name_dionne_00.xma' not found
^1Sound file 'sound/battlechatter\us\3/us_3_name_donlon_00.xma' not found
^1Sound file 'sound/battlechatter\us\3/us_3_name_doron_00.xma' not found
^1Sound file 'sound/battlechatter\us\3/us_3_name_draeger_00.xma' not found
^1Sound file 'sound/battlechatter\us\3/us_3_name_dwyer_00.xma' not found
^1Sound file 'sound/battlechatter\us\3/us_3_name_farrelly_00.xma' not found
^1Sound file 'sound/battlechatter\us\3/us_3_name_feltrin_00.xma' not found
^1Sound file 'sound/battlechatter\us\3/us_3_name_flamer_00.xma' not found
^1Sound file 'sound/battlechatter\us\3/us_3_name_golding_00.xma' not found
^1Sound file 'sound/battlechatter\us\3/us_3_name_grace_00.xma' not found
^1Sound file 'sound/battlechatter\us\3/us_3_name_griffith_00.xma' not found
^1Sound file 'sound/battlechatter\us\3/us_3_name_guzzo_00.xma' not found
^1Sound file 'sound/battlechatter\us\3/us_3_name_heller_00.xma' not found
^1Sound file 'sound/battlechatter\us\3/us_3_name_houston_00.xma' not found
^1Sound file 'sound/battlechatter\us\3/us_3_name_james_00.xma' not found
^1Sound file 'sound/battlechatter\us\3/us_3_name_joyal_00.xma' not found
^1Sound file 'sound/battlechatter\us\3/us_3_name_king_00.xma' not found
^1Sound file 'sound/battlechatter\us\3/us_3_name_kraeer_00.xma' not found
^1Sound file 'sound/battlechatter\us\3/us_3_name_kramer_00.xma' not found
^1Sound file 'sound/battlechatter\us\3/us_3_name_krauss_00.xma' not found
^1Sound file 'sound/battlechatter\us\3/us_3_name_lamia_00.xma' not found
^1Sound file 'sound/battlechatter\us\3/us_3_name_laufer_00.xma' not found
^1Sound file 'sound/battlechatter\us\3/us_3_name_lehmkuhl_00.xma' not found
^1Sound file 'sound/battlechatter\us\3/us_3_name_livingston_00.xma' not found
^1Sound file 'sound/battlechatter\us\3/us_3_name_locke_00.xma' not found
^1Sound file 'sound/battlechatter\us\3/us_3_name_lozano_00.xma' not found
^1Sound file 'sound/battlechatter\us\3/us_3_name_lyman_00.xma' not found
^1Sound file 'sound/battlechatter\us\3/us_3_name_malamed_00.xma' not found
^1Sound file 'sound/battlechatter\us\3/us_3_name_mattis_00.xma' not found
^1Sound file 'sound/battlechatter\us\3/us_3_name_mccawley_00.xma' not found
^1Sound file 'sound/battlechatter\us\3/us_3_name_mcginley_00.xma' not found
^1Sound file 'sound/battlechatter\us\3/us_3_name_mulcahy_00.xma' not found
^1Sound file 'sound/battlechatter\us\3/us_3_name_nouriani_00.xma' not found
^1Sound file 'sound/battlechatter\us\3/us_3_name_petty_00.xma' not found
^1Sound file 'sound/battlechatter\us\3/us_3_name_pierce_00.xma' not found
^1Sound file 'sound/battlechatter\us\3/us_3_name_pierro_00.xma' not found
^1Sound file 'sound/battlechatter\us\3/us_3_name_porter_00.xma' not found
^1Sound file 'sound/battlechatter\us\3/us_3_name_racca_00.xma' not found
^1Sound file 'sound/battlechatter\us\3/us_3_name_sandler_00.xma' not found
^1Sound file 'sound/battlechatter\us\3/us_3_name_schoonover_00.xma' not found
^1Sound file 'sound/battlechatter\us\3/us_3_name_seibert_00.xma' not found
^1Sound file 'sound/battlechatter\us\3/us_3_name_shubert_00.xma' not found
^1Sound file 'sound/battlechatter\us\3/us_3_name_slayback_00.xma' not found
^1Sound file 'sound/battlechatter\us\3/us_3_name_snider_00.xma' not found
^1Sound file 'sound/battlechatter\us\3/us_3_name_souders_00.xma' not found
^1Sound file 'sound/battlechatter\us\3/us_3_name_stohl_00.xma' not found
^1Sound file 'sound/battlechatter\us\3/us_3_name_stoll_00.xma' not found
^1Sound file 'sound/battlechatter\us\3/us_3_name_suarez_00.xma' not found
^1Sound file 'sound/battlechatter\us\3/us_3_name_taubel_00.xma' not found
^1Sound file 'sound/battlechatter\us\3/us_3_name_thompkins_00.xma' not found
^1Sound file 'sound/battlechatter\us\3/us_3_name_tuey_00.xma' not found
^1Sound file 'sound/battlechatter\us\3/us_3_name_vonderhaar_00.xma' not found
^1Sound file 'sound/battlechatter\us\3/us_3_name_walker_00.xma' not found
^1Sound file 'sound/battlechatter\us\3/us_3_name_westfield_00.xma' not found
^1Sound file 'sound/battlechatter\us\3/us_3_name_whitney_00.xma' not found
^1Sound file 'sound/battlechatter\us\3/us_3_name_zaring_00.xma' not found
^1Sound file 'sound/battlechatter\us\3/us_3_name_zielinski_00.xma' not found
^1Sound file 'sound/battlechatter\us\3/us_3_threat_banzai_00.xma' not found
^1Sound file 'sound/battlechatter\us\3/us_3_threat_banzai_01.xma' not found
^1Sound file 'sound/battlechatter\us\3/us_3_threat_banzai_02.xma' not found
^1Sound file 'sound/battlechatter\us\3/us_3_threat_banzai_03.xma' not found
^1Sound file 'sound/battlechatter\us\p/us_pol_name_bunting_00.xma' not found
^1Sound file 'sound/battlechatter\us\p/us_pol_name_roebuck_00.xma' not found
^1Sound file 'sound/battlechatter\us\r/us_roe_name_polonsky_00.xma' not found
